<?xml version="1.0" encoding="UTF-8"?>
<robot generator="Robot 7.3.2 (Python 3.12.3 on linux)" generated="2025-09-23T08:50:51.683608" rpa="false" schemaversion="5">
<suite id="s1" name="Tests Robot" source="/home/staffan/develop/projekts/booklib-api_ai/tests_robot">
<suite id="s1-s1" name="Api" source="/home/staffan/develop/projekts/booklib-api_ai/tests_robot/api">
<suite id="s1-s1-s1" name="Auth" source="/home/staffan/develop/projekts/booklib-api_ai/tests_robot/api/auth.robot">
<test id="s1-s1-s1-t1" name="Register User" line="9">
<kw name="Create Dictionary" owner="BuiltIn">
<msg time="2025-09-23T08:50:51.718887" level="INFO">${payload} = {'username': 'auto_user', 'email': 'auto_user@example.com', 'password': 'testpass'}</msg>
<var>${payload}</var>
<arg>username=${TEST_USER}</arg>
<arg>email=${TEST_EMAIL}</arg>
<arg>password=${TEST_PASS}</arg>
<doc>Creates and returns a dictionary based on the given ``items``.</doc>
<status status="PASS" start="2025-09-23T08:50:51.718628" elapsed="0.000280"/>
</kw>
<kw name="Create Dictionary" owner="BuiltIn">
<msg time="2025-09-23T08:50:51.719074" level="INFO">${headers} = {'Content-Type': 'application/json'}</msg>
<var>${headers}</var>
<arg>Content-Type=application/json</arg>
<doc>Creates and returns a dictionary based on the given ``items``.</doc>
<status status="PASS" start="2025-09-23T08:50:51.718996" elapsed="0.000089"/>
</kw>
<kw name="POST" owner="RequestsLibrary">
<msg time="2025-09-23T08:50:51.795335" level="INFO">POST Request : url=http://127.0.0.1:5000/users/register 
 path_url=/users/register 
 headers={'User-Agent': 'python-requests/2.32.5', 'Accept-Encoding': 'gzip, deflate', 'Accept': '*/*', 'Connection': 'keep-alive', 'Content-Type': 'application/json', 'Content-Length': '83'} 
 body=b'{"username": "auto_user", "email": "auto_user@example.com", "password": "testpass"}' 
 </msg>
<msg time="2025-09-23T08:50:51.795394" level="INFO">POST Response : url=http://127.0.0.1:5000/users/register 
 status=201, reason=CREATED 
 headers={'Server': 'Werkzeug/3.1.3 Python/3.12.3', 'Date': 'Tue, 23 Sep 2025 06:50:51 GMT', 'Content-Type': 'application/json', 'Content-Length': '31', 'Connection': 'close'} 
 body={
  "msg": "User registered"
}
 
 </msg>
<msg time="2025-09-23T08:50:51.795479" level="INFO">${resp} = &lt;Response [201]&gt;</msg>
<var>${resp}</var>
<arg>${BASE_URL}/users/register</arg>
<arg>headers=${headers}</arg>
<arg>json=${payload}</arg>
<doc>Sends a POST request.</doc>
<status status="PASS" start="2025-09-23T08:50:51.719142" elapsed="0.076350"/>
</kw>
<kw name="Should Be Equal As Integers" owner="BuiltIn">
<msg time="2025-09-23T08:50:51.795843" level="INFO">Argument types are:
&lt;class 'int'&gt;
&lt;class 'str'&gt;</msg>
<arg>${resp.status_code}</arg>
<arg>201</arg>
<doc>Fails if objects are unequal after converting them to integers.</doc>
<status status="PASS" start="2025-09-23T08:50:51.795597" elapsed="0.000273"/>
</kw>
<tag>register</tag>
<tag>user</tag>
<status status="PASS" start="2025-09-23T08:50:51.718246" elapsed="0.077695"/>
</test>
<test id="s1-s1-s1-t2" name="Login User" line="16">
<kw name="Create Dictionary" owner="BuiltIn">
<msg time="2025-09-23T08:50:51.796299" level="INFO">${payload} = {'username': 'auto_user', 'password': 'testpass'}</msg>
<var>${payload}</var>
<arg>username=${TEST_USER}</arg>
<arg>password=${TEST_PASS}</arg>
<doc>Creates and returns a dictionary based on the given ``items``.</doc>
<status status="PASS" start="2025-09-23T08:50:51.796182" elapsed="0.000128"/>
</kw>
<kw name="POST" owner="RequestsLibrary">
<msg time="2025-09-23T08:50:51.855289" level="INFO">POST Request : url=http://127.0.0.1:5000/users/login 
 path_url=/users/login 
 headers={'User-Agent': 'python-requests/2.32.5', 'Accept-Encoding': 'gzip, deflate', 'Accept': '*/*', 'Connection': 'keep-alive', 'Content-Length': '49', 'Content-Type': 'application/json'} 
 body=b'{"username": "auto_user", "password": "testpass"}' 
 </msg>
<msg time="2025-09-23T08:50:51.855346" level="INFO">POST Response : url=http://127.0.0.1:5000/users/login 
 status=200, reason=OK 
 headers={'Server': 'Werkzeug/3.1.3 Python/3.12.3', 'Date': 'Tue, 23 Sep 2025 06:50:51 GMT', 'Content-Type': 'application/json', 'Content-Length': '350', 'Connection': 'close'} 
 body={
  "access_token": "eyJhbGciOiJIUzI1NiIsInR5cCI6IkpXVCJ9.eyJmcmVzaCI6ZmFsc2UsImlhdCI6MTc1ODYxMDI1MSwianRpIjoiYTcwNGQ4MzAtNzZiMi00Y2VmLWIyNDYtNmM4MmFjODRmZGY2IiwidHlwZSI6ImFjY2VzcyIsInN1YiI6IjEiLCJuYmYiOjE3NTg2MTAyNTEsImNzcmYiOiIzOTMxOWQ2Zi00ZGVmLTQwNGQtYjIwYi1mNjE3ZDNlZWU4ZDEiLCJleHAiOjE3NTg2MTExNTF9.ca_ZKycx_kNYOQeLFXXhYvu6-LdroHa3FUqaLSjZqYs"
}
 
 </msg>
<msg time="2025-09-23T08:50:51.855415" level="INFO">${resp} = &lt;Response [200]&gt;</msg>
<var>${resp}</var>
<arg>${BASE_URL}/users/login</arg>
<arg>json=${payload}</arg>
<doc>Sends a POST request.</doc>
<status status="PASS" start="2025-09-23T08:50:51.796376" elapsed="0.059051"/>
</kw>
<kw name="Should Be Equal As Integers" owner="BuiltIn">
<msg time="2025-09-23T08:50:51.855773" level="INFO">Argument types are:
&lt;class 'int'&gt;
&lt;class 'str'&gt;</msg>
<arg>${resp.status_code}</arg>
<arg>200</arg>
<doc>Fails if objects are unequal after converting them to integers.</doc>
<status status="PASS" start="2025-09-23T08:50:51.855540" elapsed="0.000262"/>
</kw>
<kw name="Set Global Variable" owner="BuiltIn">
<msg time="2025-09-23T08:50:51.856071" level="INFO">${TOKEN} = eyJhbGciOiJIUzI1NiIsInR5cCI6IkpXVCJ9.eyJmcmVzaCI6ZmFsc2UsImlhdCI6MTc1ODYxMDI1MSwianRpIjoiYTcwNGQ4MzAtNzZiMi00Y2VmLWIyNDYtNmM4MmFjODRmZGY2IiwidHlwZSI6ImFjY2VzcyIsInN1YiI6IjEiLCJuYmYiOjE3NTg2MTAyNTEsImN...</msg>
<arg>${TOKEN}</arg>
<arg>${resp.json()['access_token']}</arg>
<doc>Makes a variable available globally in all tests and suites.</doc>
<status status="PASS" start="2025-09-23T08:50:51.855863" elapsed="0.000228"/>
</kw>
<kw name="Set User Id From Api" owner="auth_keywords">
<kw name="Create Dictionary" owner="BuiltIn">
<msg time="2025-09-23T08:50:51.856488" level="INFO">${headers} = {'Authorization': 'Bearer eyJhbGciOiJIUzI1NiIsInR5cCI6IkpXVCJ9.eyJmcmVzaCI6ZmFsc2UsImlhdCI6MTc1ODYxMDI1MSwianRpIjoiYTcwNGQ4MzAtNzZiMi00Y2VmLWIyNDYtNmM4MmFjODRmZGY2IiwidHlwZSI6ImFjY2VzcyIsInN1YiI6IjEiL...</msg>
<var>${headers}</var>
<arg>Authorization=Bearer ${TOKEN}</arg>
<doc>Creates and returns a dictionary based on the given ``items``.</doc>
<status status="PASS" start="2025-09-23T08:50:51.856387" elapsed="0.000112"/>
</kw>
<kw name="GET" owner="RequestsLibrary">
<msg time="2025-09-23T08:50:51.858499" level="INFO">GET Request : url=http://127.0.0.1:5000/users 
 path_url=/users 
 headers={'User-Agent': 'python-requests/2.32.5', 'Accept-Encoding': 'gzip, deflate', 'Accept': '*/*', 'Connection': 'keep-alive', 'Authorization': 'Bearer eyJhbGciOiJIUzI1NiIsInR5cCI6IkpXVCJ9.eyJmcmVzaCI6ZmFsc2UsImlhdCI6MTc1ODYxMDI1MSwianRpIjoiYTcwNGQ4MzAtNzZiMi00Y2VmLWIyNDYtNmM4MmFjODRmZGY2IiwidHlwZSI6ImFjY2VzcyIsInN1YiI6IjEiLCJuYmYiOjE3NTg2MTAyNTEsImNzcmYiOiIzOTMxOWQ2Zi00ZGVmLTQwNGQtYjIwYi1mNjE3ZDNlZWU4ZDEiLCJleHAiOjE3NTg2MTExNTF9.ca_ZKycx_kNYOQeLFXXhYvu6-LdroHa3FUqaLSjZqYs'} 
 body=None 
 </msg>
<msg time="2025-09-23T08:50:51.858537" level="INFO">GET Response : url=http://127.0.0.1:5000/users 
 status=200, reason=OK 
 headers={'Server': 'Werkzeug/3.1.3 Python/3.12.3', 'Date': 'Tue, 23 Sep 2025 06:50:51 GMT', 'Content-Type': 'application/json', 'Content-Length': '91', 'Connection': 'close'} 
 body=[
  {
    "email": "auto_user@example.com",
    "id": 1,
    "username": "auto_user"
  }
]
 
 </msg>
<msg time="2025-09-23T08:50:51.858589" level="INFO">${resp} = &lt;Response [200]&gt;</msg>
<var>${resp}</var>
<arg>${BASE_URL}/users</arg>
<arg>headers=${headers}</arg>
<doc>Sends a GET request.</doc>
<status status="PASS" start="2025-09-23T08:50:51.856540" elapsed="0.002060"/>
</kw>
<kw name="Evaluate" owner="BuiltIn">
<msg time="2025-09-23T08:50:51.859102" level="INFO">${users} = [{'email': 'auto_user@example.com', 'id': 1, 'username': 'auto_user'}]</msg>
<var>${users}</var>
<arg>[u for u in ${resp.json()} if u['username']=='${TEST_USER}']</arg>
<doc>Evaluates the given expression in Python and returns the result.</doc>
<status status="PASS" start="2025-09-23T08:50:51.858666" elapsed="0.000449"/>
</kw>
<if>
<branch type="IF" condition="not ${users}">
<kw name="Fail" owner="BuiltIn">
<arg>User testuser not found for id lookup</arg>
<doc>Fails the test with the given message and optionally alters its tags.</doc>
<status status="NOT RUN" start="2025-09-23T08:50:51.859287" elapsed="0.000010"/>
</kw>
<status status="NOT RUN" start="2025-09-23T08:50:51.859196" elapsed="0.000116"/>
</branch>
<status status="PASS" start="2025-09-23T08:50:51.859176" elapsed="0.000149"/>
</if>
<kw name="Set Global Variable" owner="BuiltIn">
<msg time="2025-09-23T08:50:51.859567" level="INFO">${USER_ID} = 1</msg>
<arg>${USER_ID}</arg>
<arg>${users[0]['id']}</arg>
<doc>Makes a variable available globally in all tests and suites.</doc>
<status status="PASS" start="2025-09-23T08:50:51.859369" elapsed="0.000216"/>
</kw>
<status status="PASS" start="2025-09-23T08:50:51.856239" elapsed="0.003376"/>
</kw>
<tag>login</tag>
<tag>user</tag>
<status status="PASS" start="2025-09-23T08:50:51.796039" elapsed="0.063639"/>
</test>
<test id="s1-s1-s1-t3" name="Get All Users" line="24">
<kw name="Create Dictionary" owner="BuiltIn">
<msg time="2025-09-23T08:50:51.859980" level="INFO">${headers} = {'Authorization': 'Bearer eyJhbGciOiJIUzI1NiIsInR5cCI6IkpXVCJ9.eyJmcmVzaCI6ZmFsc2UsImlhdCI6MTc1ODYxMDI1MSwianRpIjoiYTcwNGQ4MzAtNzZiMi00Y2VmLWIyNDYtNmM4MmFjODRmZGY2IiwidHlwZSI6ImFjY2VzcyIsInN1YiI6IjEiL...</msg>
<var>${headers}</var>
<arg>Authorization=Bearer ${TOKEN}</arg>
<doc>Creates and returns a dictionary based on the given ``items``.</doc>
<status status="PASS" start="2025-09-23T08:50:51.859886" elapsed="0.000105"/>
</kw>
<kw name="GET" owner="RequestsLibrary">
<msg time="2025-09-23T08:50:51.861893" level="INFO">GET Request : url=http://127.0.0.1:5000/users 
 path_url=/users 
 headers={'User-Agent': 'python-requests/2.32.5', 'Accept-Encoding': 'gzip, deflate', 'Accept': '*/*', 'Connection': 'keep-alive', 'Authorization': 'Bearer eyJhbGciOiJIUzI1NiIsInR5cCI6IkpXVCJ9.eyJmcmVzaCI6ZmFsc2UsImlhdCI6MTc1ODYxMDI1MSwianRpIjoiYTcwNGQ4MzAtNzZiMi00Y2VmLWIyNDYtNmM4MmFjODRmZGY2IiwidHlwZSI6ImFjY2VzcyIsInN1YiI6IjEiLCJuYmYiOjE3NTg2MTAyNTEsImNzcmYiOiIzOTMxOWQ2Zi00ZGVmLTQwNGQtYjIwYi1mNjE3ZDNlZWU4ZDEiLCJleHAiOjE3NTg2MTExNTF9.ca_ZKycx_kNYOQeLFXXhYvu6-LdroHa3FUqaLSjZqYs'} 
 body=None 
 </msg>
<msg time="2025-09-23T08:50:51.861929" level="INFO">GET Response : url=http://127.0.0.1:5000/users 
 status=200, reason=OK 
 headers={'Server': 'Werkzeug/3.1.3 Python/3.12.3', 'Date': 'Tue, 23 Sep 2025 06:50:51 GMT', 'Content-Type': 'application/json', 'Content-Length': '91', 'Connection': 'close'} 
 body=[
  {
    "email": "auto_user@example.com",
    "id": 1,
    "username": "auto_user"
  }
]
 
 </msg>
<msg time="2025-09-23T08:50:51.861981" level="INFO">${resp} = &lt;Response [200]&gt;</msg>
<var>${resp}</var>
<arg>${BASE_URL}/users</arg>
<arg>headers=${headers}</arg>
<doc>Sends a GET request.</doc>
<status status="PASS" start="2025-09-23T08:50:51.860041" elapsed="0.001951"/>
</kw>
<kw name="Should Be Equal As Integers" owner="BuiltIn">
<msg time="2025-09-23T08:50:51.862258" level="INFO">Argument types are:
&lt;class 'int'&gt;
&lt;class 'str'&gt;</msg>
<arg>${resp.status_code}</arg>
<arg>200</arg>
<doc>Fails if objects are unequal after converting them to integers.</doc>
<status status="PASS" start="2025-09-23T08:50:51.862064" elapsed="0.000220"/>
</kw>
<kw name="Set Variable" owner="BuiltIn">
<msg time="2025-09-23T08:50:51.862533" level="INFO">${users} = [{'email': 'auto_user@example.com', 'id': 1, 'username': 'auto_user'}]</msg>
<var>${users}</var>
<arg>${resp.json()}</arg>
<doc>Returns the given values which can then be assigned to a variables.</doc>
<status status="PASS" start="2025-09-23T08:50:51.862347" elapsed="0.000197"/>
</kw>
<kw name="Should Be True" owner="BuiltIn">
<arg>isinstance(${users}, list)</arg>
<doc>Fails if the given condition is not true.</doc>
<status status="PASS" start="2025-09-23T08:50:51.862595" elapsed="0.000090"/>
</kw>
<tag>login</tag>
<tag>user</tag>
<status status="PASS" start="2025-09-23T08:50:51.859763" elapsed="0.002971"/>
</test>
<test id="s1-s1-s1-t4" name="Delete User" line="32">
<kw name="Create Dictionary" owner="BuiltIn">
<msg time="2025-09-23T08:50:51.863007" level="INFO">${headers} = {'Authorization': 'Bearer eyJhbGciOiJIUzI1NiIsInR5cCI6IkpXVCJ9.eyJmcmVzaCI6ZmFsc2UsImlhdCI6MTc1ODYxMDI1MSwianRpIjoiYTcwNGQ4MzAtNzZiMi00Y2VmLWIyNDYtNmM4MmFjODRmZGY2IiwidHlwZSI6ImFjY2VzcyIsInN1YiI6IjEiL...</msg>
<var>${headers}</var>
<arg>Authorization=Bearer ${TOKEN}</arg>
<doc>Creates and returns a dictionary based on the given ``items``.</doc>
<status status="PASS" start="2025-09-23T08:50:51.862918" elapsed="0.000099"/>
</kw>
<kw name="GET" owner="RequestsLibrary">
<msg time="2025-09-23T08:50:51.864707" level="INFO">GET Request : url=http://127.0.0.1:5000/users 
 path_url=/users 
 headers={'User-Agent': 'python-requests/2.32.5', 'Accept-Encoding': 'gzip, deflate', 'Accept': '*/*', 'Connection': 'keep-alive', 'Authorization': 'Bearer eyJhbGciOiJIUzI1NiIsInR5cCI6IkpXVCJ9.eyJmcmVzaCI6ZmFsc2UsImlhdCI6MTc1ODYxMDI1MSwianRpIjoiYTcwNGQ4MzAtNzZiMi00Y2VmLWIyNDYtNmM4MmFjODRmZGY2IiwidHlwZSI6ImFjY2VzcyIsInN1YiI6IjEiLCJuYmYiOjE3NTg2MTAyNTEsImNzcmYiOiIzOTMxOWQ2Zi00ZGVmLTQwNGQtYjIwYi1mNjE3ZDNlZWU4ZDEiLCJleHAiOjE3NTg2MTExNTF9.ca_ZKycx_kNYOQeLFXXhYvu6-LdroHa3FUqaLSjZqYs'} 
 body=None 
 </msg>
<msg time="2025-09-23T08:50:51.864755" level="INFO">GET Response : url=http://127.0.0.1:5000/users 
 status=200, reason=OK 
 headers={'Server': 'Werkzeug/3.1.3 Python/3.12.3', 'Date': 'Tue, 23 Sep 2025 06:50:51 GMT', 'Content-Type': 'application/json', 'Content-Length': '91', 'Connection': 'close'} 
 body=[
  {
    "email": "auto_user@example.com",
    "id": 1,
    "username": "auto_user"
  }
]
 
 </msg>
<msg time="2025-09-23T08:50:51.864836" level="INFO">${resp} = &lt;Response [200]&gt;</msg>
<var>${resp}</var>
<arg>${BASE_URL}/users</arg>
<arg>headers=${headers}</arg>
<doc>Sends a GET request.</doc>
<status status="PASS" start="2025-09-23T08:50:51.863065" elapsed="0.001791"/>
</kw>
<kw name="Evaluate" owner="BuiltIn">
<msg time="2025-09-23T08:50:51.865776" level="INFO">${users} = [{'email': 'auto_user@example.com', 'id': 1, 'username': 'auto_user'}]</msg>
<var>${users}</var>
<arg>[u for u in ${resp.json()} if u['username']=='${TEST_USER}']</arg>
<doc>Evaluates the given expression in Python and returns the result.</doc>
<status status="PASS" start="2025-09-23T08:50:51.864971" elapsed="0.000828"/>
</kw>
<if>
<branch type="IF" condition="not ${users}">
<kw name="Fail" owner="BuiltIn">
<arg>User ${TEST_USER} not found for deletion</arg>
<doc>Fails the test with the given message and optionally alters its tags.</doc>
<status status="NOT RUN" start="2025-09-23T08:50:51.866107" elapsed="0.000019"/>
</kw>
<status status="NOT RUN" start="2025-09-23T08:50:51.865928" elapsed="0.000229"/>
</branch>
<status status="PASS" start="2025-09-23T08:50:51.865898" elapsed="0.000290"/>
</if>
<kw name="Set Variable" owner="BuiltIn">
<msg time="2025-09-23T08:50:51.866654" level="INFO">${USER_ID} = 1</msg>
<var>${USER_ID}</var>
<arg>${users[0]['id']}</arg>
<doc>Returns the given values which can then be assigned to a variables.</doc>
<status status="PASS" start="2025-09-23T08:50:51.866297" elapsed="0.000380"/>
</kw>
<kw name="DELETE" owner="RequestsLibrary">
<msg time="2025-09-23T08:50:51.881093" level="INFO">DELETE Request : url=http://127.0.0.1:5000/users/1 
 path_url=/users/1 
 headers={'User-Agent': 'python-requests/2.32.5', 'Accept-Encoding': 'gzip, deflate', 'Accept': '*/*', 'Connection': 'keep-alive', 'Authorization': 'Bearer eyJhbGciOiJIUzI1NiIsInR5cCI6IkpXVCJ9.eyJmcmVzaCI6ZmFsc2UsImlhdCI6MTc1ODYxMDI1MSwianRpIjoiYTcwNGQ4MzAtNzZiMi00Y2VmLWIyNDYtNmM4MmFjODRmZGY2IiwidHlwZSI6ImFjY2VzcyIsInN1YiI6IjEiLCJuYmYiOjE3NTg2MTAyNTEsImNzcmYiOiIzOTMxOWQ2Zi00ZGVmLTQwNGQtYjIwYi1mNjE3ZDNlZWU4ZDEiLCJleHAiOjE3NTg2MTExNTF9.ca_ZKycx_kNYOQeLFXXhYvu6-LdroHa3FUqaLSjZqYs', 'Content-Length': '0'} 
 body=None 
 </msg>
<msg time="2025-09-23T08:50:51.881138" level="INFO">DELETE Response : url=http://127.0.0.1:5000/users/1 
 status=200, reason=OK 
 headers={'Server': 'Werkzeug/3.1.3 Python/3.12.3', 'Date': 'Tue, 23 Sep 2025 06:50:51 GMT', 'Content-Type': 'application/json', 'Content-Length': '28', 'Connection': 'close'} 
 body={
  "msg": "User deleted"
}
 
 </msg>
<msg time="2025-09-23T08:50:51.881251" level="INFO">${resp} = &lt;Response [200]&gt;</msg>
<var>${resp}</var>
<arg>${BASE_URL}/users/${USER_ID}</arg>
<arg>headers=${headers}</arg>
<doc>Sends a DELETE request.</doc>
<status status="PASS" start="2025-09-23T08:50:51.866777" elapsed="0.014488"/>
</kw>
<kw name="Should Be Equal As Integers" owner="BuiltIn">
<msg time="2025-09-23T08:50:51.882092" level="INFO">Argument types are:
&lt;class 'int'&gt;
&lt;class 'str'&gt;</msg>
<arg>${resp.status_code}</arg>
<arg>200</arg>
<doc>Fails if objects are unequal after converting them to integers.</doc>
<status status="PASS" start="2025-09-23T08:50:51.881396" elapsed="0.000821"/>
</kw>
<kw name="Should Contain" owner="BuiltIn">
<arg>${resp.text}</arg>
<arg>User deleted</arg>
<doc>Fails if ``container`` does not contain ``item`` one or more times.</doc>
<status status="PASS" start="2025-09-23T08:50:51.882542" elapsed="0.000404"/>
</kw>
<tag>user</tag>
<status status="PASS" start="2025-09-23T08:50:51.862805" elapsed="0.020247"/>
</test>
<status status="PASS" start="2025-09-23T08:50:51.694447" elapsed="0.188978"/>
</suite>
<suite id="s1-s1-s2" name="Books" source="/home/staffan/develop/projekts/booklib-api_ai/tests_robot/api/books.robot">
<kw name="Setup User" owner="keywords" type="SETUP">
<kw name="Register User" owner="auth_keywords">
<kw name="Create Dictionary" owner="BuiltIn">
<msg time="2025-09-23T08:50:51.888080" level="INFO">${payload} = {'username': 'auto_user', 'email': 'auto_user@example.com', 'password': 'testpass'}</msg>
<var>${payload}</var>
<arg>username=${TEST_USER}</arg>
<arg>email=${TEST_EMAIL}</arg>
<arg>password=${TEST_PASS}</arg>
<doc>Creates and returns a dictionary based on the given ``items``.</doc>
<status status="PASS" start="2025-09-23T08:50:51.887856" elapsed="0.000246"/>
</kw>
<kw name="Create Dictionary" owner="BuiltIn">
<msg time="2025-09-23T08:50:51.888280" level="INFO">${headers} = {'Content-Type': 'application/json'}</msg>
<var>${headers}</var>
<arg>Content-Type=application/json</arg>
<doc>Creates and returns a dictionary based on the given ``items``.</doc>
<status status="PASS" start="2025-09-23T08:50:51.888179" elapsed="0.000119"/>
</kw>
<kw name="POST" owner="RequestsLibrary">
<msg time="2025-09-23T08:50:51.955212" level="INFO">POST Request : url=http://127.0.0.1:5000/users/register 
 path_url=/users/register 
 headers={'User-Agent': 'python-requests/2.32.5', 'Accept-Encoding': 'gzip, deflate', 'Accept': '*/*', 'Connection': 'keep-alive', 'Content-Type': 'application/json', 'Content-Length': '83'} 
 body=b'{"username": "auto_user", "email": "auto_user@example.com", "password": "testpass"}' 
 </msg>
<msg time="2025-09-23T08:50:51.955261" level="INFO">POST Response : url=http://127.0.0.1:5000/users/register 
 status=201, reason=CREATED 
 headers={'Server': 'Werkzeug/3.1.3 Python/3.12.3', 'Date': 'Tue, 23 Sep 2025 06:50:51 GMT', 'Content-Type': 'application/json', 'Content-Length': '31', 'Connection': 'close'} 
 body={
  "msg": "User registered"
}
 
 </msg>
<msg time="2025-09-23T08:50:51.955349" level="INFO">${resp} = &lt;Response [201]&gt;</msg>
<var>${resp}</var>
<arg>${BASE_URL}/users/register</arg>
<arg>headers=${headers}</arg>
<arg>json=${payload}</arg>
<doc>Sends a POST request.</doc>
<status status="PASS" start="2025-09-23T08:50:51.888370" elapsed="0.066991"/>
</kw>
<kw name="Should Be Equal As Integers" owner="BuiltIn">
<msg time="2025-09-23T08:50:51.955692" level="INFO">Argument types are:
&lt;class 'int'&gt;
&lt;class 'str'&gt;</msg>
<arg>${resp.status_code}</arg>
<arg>201</arg>
<doc>Fails if objects are unequal after converting them to integers.</doc>
<status status="PASS" start="2025-09-23T08:50:51.955468" elapsed="0.000248"/>
</kw>
<status status="PASS" start="2025-09-23T08:50:51.887731" elapsed="0.068017"/>
</kw>
<kw name="Login User" owner="auth_keywords">
<kw name="Create Dictionary" owner="BuiltIn">
<msg time="2025-09-23T08:50:51.956007" level="INFO">${payload} = {'username': 'auto_user', 'password': 'testpass'}</msg>
<var>${payload}</var>
<arg>username=${TEST_USER}</arg>
<arg>password=${TEST_PASS}</arg>
<doc>Creates and returns a dictionary based on the given ``items``.</doc>
<status status="PASS" start="2025-09-23T08:50:51.955905" elapsed="0.000116"/>
</kw>
<kw name="POST" owner="RequestsLibrary">
<msg time="2025-09-23T08:50:52.011708" level="INFO">POST Request : url=http://127.0.0.1:5000/users/login 
 path_url=/users/login 
 headers={'User-Agent': 'python-requests/2.32.5', 'Accept-Encoding': 'gzip, deflate', 'Accept': '*/*', 'Connection': 'keep-alive', 'Content-Length': '49', 'Content-Type': 'application/json'} 
 body=b'{"username": "auto_user", "password": "testpass"}' 
 </msg>
<msg time="2025-09-23T08:50:52.011773" level="INFO">POST Response : url=http://127.0.0.1:5000/users/login 
 status=200, reason=OK 
 headers={'Server': 'Werkzeug/3.1.3 Python/3.12.3', 'Date': 'Tue, 23 Sep 2025 06:50:52 GMT', 'Content-Type': 'application/json', 'Content-Length': '350', 'Connection': 'close'} 
 body={
  "access_token": "eyJhbGciOiJIUzI1NiIsInR5cCI6IkpXVCJ9.eyJmcmVzaCI6ZmFsc2UsImlhdCI6MTc1ODYxMDI1MiwianRpIjoiYWFhMWZhODgtMDZjNC00ZTg3LTk5N2UtNGJhNjY3ZmQ0ZmI3IiwidHlwZSI6ImFjY2VzcyIsInN1YiI6IjEiLCJuYmYiOjE3NTg2MTAyNTIsImNzcmYiOiJiMGI5NWQwYS0xMDU4LTRiNDctYTg2Ny03YTMxZTdjZGVmOGQiLCJleHAiOjE3NTg2MTExNTJ9.l5e57XZ1bgY-QBoReoskd4fTD-ec5p_XmJQt_koKfsI"
}
 
 </msg>
<msg time="2025-09-23T08:50:52.011839" level="INFO">${resp} = &lt;Response [200]&gt;</msg>
<var>${resp}</var>
<arg>${BASE_URL}/users/login</arg>
<arg>json=${payload}</arg>
<doc>Sends a POST request.</doc>
<status status="PASS" start="2025-09-23T08:50:51.956061" elapsed="0.055789"/>
</kw>
<kw name="Should Be Equal As Integers" owner="BuiltIn">
<msg time="2025-09-23T08:50:52.012177" level="INFO">Argument types are:
&lt;class 'int'&gt;
&lt;class 'str'&gt;</msg>
<arg>${resp.status_code}</arg>
<arg>200</arg>
<doc>Fails if objects are unequal after converting them to integers.</doc>
<status status="PASS" start="2025-09-23T08:50:52.011928" elapsed="0.000274"/>
</kw>
<kw name="Set Global Variable" owner="BuiltIn">
<msg time="2025-09-23T08:50:52.012475" level="INFO">${TOKEN} = eyJhbGciOiJIUzI1NiIsInR5cCI6IkpXVCJ9.eyJmcmVzaCI6ZmFsc2UsImlhdCI6MTc1ODYxMDI1MiwianRpIjoiYWFhMWZhODgtMDZjNC00ZTg3LTk5N2UtNGJhNjY3ZmQ0ZmI3IiwidHlwZSI6ImFjY2VzcyIsInN1YiI6IjEiLCJuYmYiOjE3NTg2MTAyNTIsImN...</msg>
<arg>${TOKEN}</arg>
<arg>${resp.json()['access_token']}</arg>
<doc>Makes a variable available globally in all tests and suites.</doc>
<status status="PASS" start="2025-09-23T08:50:52.012253" elapsed="0.000242"/>
</kw>
<kw name="Set User Id From Api" owner="auth_keywords">
<kw name="Create Dictionary" owner="BuiltIn">
<msg time="2025-09-23T08:50:52.012781" level="INFO">${headers} = {'Authorization': 'Bearer eyJhbGciOiJIUzI1NiIsInR5cCI6IkpXVCJ9.eyJmcmVzaCI6ZmFsc2UsImlhdCI6MTc1ODYxMDI1MiwianRpIjoiYWFhMWZhODgtMDZjNC00ZTg3LTk5N2UtNGJhNjY3ZmQ0ZmI3IiwidHlwZSI6ImFjY2VzcyIsInN1YiI6IjEiL...</msg>
<var>${headers}</var>
<arg>Authorization=Bearer ${TOKEN}</arg>
<doc>Creates and returns a dictionary based on the given ``items``.</doc>
<status status="PASS" start="2025-09-23T08:50:52.012678" elapsed="0.000113"/>
</kw>
<kw name="GET" owner="RequestsLibrary">
<msg time="2025-09-23T08:50:52.014483" level="INFO">GET Request : url=http://127.0.0.1:5000/users 
 path_url=/users 
 headers={'User-Agent': 'python-requests/2.32.5', 'Accept-Encoding': 'gzip, deflate', 'Accept': '*/*', 'Connection': 'keep-alive', 'Authorization': 'Bearer eyJhbGciOiJIUzI1NiIsInR5cCI6IkpXVCJ9.eyJmcmVzaCI6ZmFsc2UsImlhdCI6MTc1ODYxMDI1MiwianRpIjoiYWFhMWZhODgtMDZjNC00ZTg3LTk5N2UtNGJhNjY3ZmQ0ZmI3IiwidHlwZSI6ImFjY2VzcyIsInN1YiI6IjEiLCJuYmYiOjE3NTg2MTAyNTIsImNzcmYiOiJiMGI5NWQwYS0xMDU4LTRiNDctYTg2Ny03YTMxZTdjZGVmOGQiLCJleHAiOjE3NTg2MTExNTJ9.l5e57XZ1bgY-QBoReoskd4fTD-ec5p_XmJQt_koKfsI'} 
 body=None 
 </msg>
<msg time="2025-09-23T08:50:52.014516" level="INFO">GET Response : url=http://127.0.0.1:5000/users 
 status=200, reason=OK 
 headers={'Server': 'Werkzeug/3.1.3 Python/3.12.3', 'Date': 'Tue, 23 Sep 2025 06:50:52 GMT', 'Content-Type': 'application/json', 'Content-Length': '91', 'Connection': 'close'} 
 body=[
  {
    "email": "auto_user@example.com",
    "id": 1,
    "username": "auto_user"
  }
]
 
 </msg>
<msg time="2025-09-23T08:50:52.014585" level="INFO">${resp} = &lt;Response [200]&gt;</msg>
<var>${resp}</var>
<arg>${BASE_URL}/users</arg>
<arg>headers=${headers}</arg>
<doc>Sends a GET request.</doc>
<status status="PASS" start="2025-09-23T08:50:52.012833" elapsed="0.001763"/>
</kw>
<kw name="Evaluate" owner="BuiltIn">
<msg time="2025-09-23T08:50:52.015076" level="INFO">${users} = [{'email': 'auto_user@example.com', 'id': 1, 'username': 'auto_user'}]</msg>
<var>${users}</var>
<arg>[u for u in ${resp.json()} if u['username']=='${TEST_USER}']</arg>
<doc>Evaluates the given expression in Python and returns the result.</doc>
<status status="PASS" start="2025-09-23T08:50:52.014659" elapsed="0.000429"/>
</kw>
<if>
<branch type="IF" condition="not ${users}">
<kw name="Fail" owner="BuiltIn">
<arg>User testuser not found for id lookup</arg>
<doc>Fails the test with the given message and optionally alters its tags.</doc>
<status status="NOT RUN" start="2025-09-23T08:50:52.015228" elapsed="0.000010"/>
</kw>
<status status="NOT RUN" start="2025-09-23T08:50:52.015139" elapsed="0.000113"/>
</branch>
<status status="PASS" start="2025-09-23T08:50:52.015122" elapsed="0.000144"/>
</if>
<kw name="Set Global Variable" owner="BuiltIn">
<msg time="2025-09-23T08:50:52.015949" level="INFO">${USER_ID} = 1</msg>
<arg>${USER_ID}</arg>
<arg>${users[0]['id']}</arg>
<doc>Makes a variable available globally in all tests and suites.</doc>
<status status="PASS" start="2025-09-23T08:50:52.015310" elapsed="0.000758"/>
</kw>
<status status="PASS" start="2025-09-23T08:50:52.012596" elapsed="0.003579"/>
</kw>
<status status="PASS" start="2025-09-23T08:50:51.955822" elapsed="0.060405"/>
</kw>
<status status="PASS" start="2025-09-23T08:50:51.887564" elapsed="0.128699"/>
</kw>
<test id="s1-s1-s2-t1" name="Get All Books" line="11">
<kw name="Create Dictionary" owner="BuiltIn">
<msg time="2025-09-23T08:50:52.017153" level="INFO">${headers} = {'Authorization': 'Bearer eyJhbGciOiJIUzI1NiIsInR5cCI6IkpXVCJ9.eyJmcmVzaCI6ZmFsc2UsImlhdCI6MTc1ODYxMDI1MiwianRpIjoiYWFhMWZhODgtMDZjNC00ZTg3LTk5N2UtNGJhNjY3ZmQ0ZmI3IiwidHlwZSI6ImFjY2VzcyIsInN1YiI6IjEiL...</msg>
<var>${headers}</var>
<arg>Authorization=Bearer ${TOKEN}</arg>
<doc>Creates and returns a dictionary based on the given ``items``.</doc>
<status status="PASS" start="2025-09-23T08:50:52.016844" elapsed="0.000335"/>
</kw>
<kw name="GET" owner="RequestsLibrary">
<msg time="2025-09-23T08:50:52.020373" level="INFO">GET Request : url=http://127.0.0.1:5000/books 
 path_url=/books 
 headers={'User-Agent': 'python-requests/2.32.5', 'Accept-Encoding': 'gzip, deflate', 'Accept': '*/*', 'Connection': 'keep-alive', 'Authorization': 'Bearer eyJhbGciOiJIUzI1NiIsInR5cCI6IkpXVCJ9.eyJmcmVzaCI6ZmFsc2UsImlhdCI6MTc1ODYxMDI1MiwianRpIjoiYWFhMWZhODgtMDZjNC00ZTg3LTk5N2UtNGJhNjY3ZmQ0ZmI3IiwidHlwZSI6ImFjY2VzcyIsInN1YiI6IjEiLCJuYmYiOjE3NTg2MTAyNTIsImNzcmYiOiJiMGI5NWQwYS0xMDU4LTRiNDctYTg2Ny03YTMxZTdjZGVmOGQiLCJleHAiOjE3NTg2MTExNTJ9.l5e57XZ1bgY-QBoReoskd4fTD-ec5p_XmJQt_koKfsI'} 
 body=None 
 </msg>
<msg time="2025-09-23T08:50:52.020410" level="INFO">GET Response : url=http://127.0.0.1:5000/books 
 status=200, reason=OK 
 headers={'Server': 'Werkzeug/3.1.3 Python/3.12.3', 'Date': 'Tue, 23 Sep 2025 06:50:52 GMT', 'Content-Type': 'application/json', 'Content-Length': '3', 'Connection': 'close'} 
 body=[]
 
 </msg>
<msg time="2025-09-23T08:50:52.020457" level="INFO">${resp} = &lt;Response [200]&gt;</msg>
<var>${resp}</var>
<arg>${BASE_URL}/books</arg>
<arg>headers=${headers}</arg>
<doc>Sends a GET request.</doc>
<status status="PASS" start="2025-09-23T08:50:52.017325" elapsed="0.003143"/>
</kw>
<kw name="Should Be Equal As Integers" owner="BuiltIn">
<msg time="2025-09-23T08:50:52.020751" level="INFO">Argument types are:
&lt;class 'int'&gt;
&lt;class 'str'&gt;</msg>
<arg>${resp.status_code}</arg>
<arg>200</arg>
<doc>Fails if objects are unequal after converting them to integers.</doc>
<status status="PASS" start="2025-09-23T08:50:52.020544" elapsed="0.000231"/>
</kw>
<kw name="Set Variable" owner="BuiltIn">
<msg time="2025-09-23T08:50:52.021023" level="INFO">${books} = []</msg>
<var>${books}</var>
<arg>${resp.json()}</arg>
<doc>Returns the given values which can then be assigned to a variables.</doc>
<status status="PASS" start="2025-09-23T08:50:52.020832" elapsed="0.000200"/>
</kw>
<kw name="Should Be True" owner="BuiltIn">
<arg>isinstance(${books}, list)</arg>
<doc>Fails if the given condition is not true.</doc>
<status status="PASS" start="2025-09-23T08:50:52.021084" elapsed="0.000076"/>
</kw>
<tag>books</tag>
<tag>get</tag>
<status status="PASS" start="2025-09-23T08:50:52.016367" elapsed="0.004842"/>
</test>
<test id="s1-s1-s2-t2" name="Create Book" line="19">
<kw name="Create Dictionary" owner="BuiltIn">
<msg time="2025-09-23T08:50:52.021513" level="INFO">${headers} = {'Authorization': 'Bearer eyJhbGciOiJIUzI1NiIsInR5cCI6IkpXVCJ9.eyJmcmVzaCI6ZmFsc2UsImlhdCI6MTc1ODYxMDI1MiwianRpIjoiYWFhMWZhODgtMDZjNC00ZTg3LTk5N2UtNGJhNjY3ZmQ0ZmI3IiwidHlwZSI6ImFjY2VzcyIsInN1YiI6IjEiL...</msg>
<var>${headers}</var>
<arg>Authorization=Bearer ${TOKEN}</arg>
<arg>Content-Type=application/json</arg>
<doc>Creates and returns a dictionary based on the given ``items``.</doc>
<status status="PASS" start="2025-09-23T08:50:52.021416" elapsed="0.000108"/>
</kw>
<kw name="POST" owner="RequestsLibrary">
<msg time="2025-09-23T08:50:52.055474" level="INFO">POST Request : url=http://127.0.0.1:5000/books 
 path_url=/books 
 headers={'User-Agent': 'python-requests/2.32.5', 'Accept-Encoding': 'gzip, deflate', 'Accept': '*/*', 'Connection': 'keep-alive', 'Authorization': 'Bearer eyJhbGciOiJIUzI1NiIsInR5cCI6IkpXVCJ9.eyJmcmVzaCI6ZmFsc2UsImlhdCI6MTc1ODYxMDI1MiwianRpIjoiYWFhMWZhODgtMDZjNC00ZTg3LTk5N2UtNGJhNjY3ZmQ0ZmI3IiwidHlwZSI6ImFjY2VzcyIsInN1YiI6IjEiLCJuYmYiOjE3NTg2MTAyNTIsImNzcmYiOiJiMGI5NWQwYS0xMDU4LTRiNDctYTg2Ny03YTMxZTdjZGVmOGQiLCJleHAiOjE3NTg2MTExNTJ9.l5e57XZ1bgY-QBoReoskd4fTD-ec5p_XmJQt_koKfsI', 'Content-Type': 'application/json', 'Content-Length': '136'} 
 body=b'{"title": "Robot Test Book", "authors": "[Test Author]", "description": "Test Description", "cover_url": "http://example.com/cover.jpg"}' 
 </msg>
<msg time="2025-09-23T08:50:52.055523" level="INFO">POST Response : url=http://127.0.0.1:5000/books 
 status=201, reason=CREATED 
 headers={'Server': 'Werkzeug/3.1.3 Python/3.12.3', 'Date': 'Tue, 23 Sep 2025 06:50:52 GMT', 'Content-Type': 'application/json', 'Content-Length': '44', 'Connection': 'close'} 
 body={
  "id": 1,
  "title": "Robot Test Book"
}
 
 </msg>
<msg time="2025-09-23T08:50:52.055590" level="INFO">${resp} = &lt;Response [201]&gt;</msg>
<var>${resp}</var>
<arg>${BASE_URL}/books</arg>
<arg>headers=${headers}</arg>
<arg>json=&amp;{BOOK_CREATE_PAYLOAD}</arg>
<doc>Sends a POST request.</doc>
<status status="PASS" start="2025-09-23T08:50:52.021578" elapsed="0.034024"/>
</kw>
<kw name="Should Be Equal As Integers" owner="BuiltIn">
<msg time="2025-09-23T08:50:52.055966" level="INFO">Argument types are:
&lt;class 'int'&gt;
&lt;class 'str'&gt;</msg>
<arg>${resp.status_code}</arg>
<arg>201</arg>
<doc>Fails if objects are unequal after converting them to integers.</doc>
<status status="PASS" start="2025-09-23T08:50:52.055724" elapsed="0.000267"/>
</kw>
<kw name="Set Variable" owner="BuiltIn">
<msg time="2025-09-23T08:50:52.056249" level="INFO">${book_id} = 1</msg>
<var>${book_id}</var>
<arg>${resp.json()['id']}</arg>
<doc>Returns the given values which can then be assigned to a variables.</doc>
<status status="PASS" start="2025-09-23T08:50:52.056051" elapsed="0.000208"/>
</kw>
<kw name="Set Global Variable" owner="BuiltIn">
<msg time="2025-09-23T08:50:52.056405" level="INFO">${BOOK_ID} = 1</msg>
<arg>${BOOK_ID}</arg>
<arg>${book_id}</arg>
<doc>Makes a variable available globally in all tests and suites.</doc>
<status status="PASS" start="2025-09-23T08:50:52.056317" elapsed="0.000104"/>
</kw>
<tag>books</tag>
<tag>create</tag>
<status status="PASS" start="2025-09-23T08:50:52.021288" elapsed="0.035203"/>
</test>
<test id="s1-s1-s2-t3" name="Get Book By Id" line="27">
<kw name="Create Dictionary" owner="BuiltIn">
<msg time="2025-09-23T08:50:52.056790" level="INFO">${headers} = {'Authorization': 'Bearer eyJhbGciOiJIUzI1NiIsInR5cCI6IkpXVCJ9.eyJmcmVzaCI6ZmFsc2UsImlhdCI6MTc1ODYxMDI1MiwianRpIjoiYWFhMWZhODgtMDZjNC00ZTg3LTk5N2UtNGJhNjY3ZmQ0ZmI3IiwidHlwZSI6ImFjY2VzcyIsInN1YiI6IjEiL...</msg>
<var>${headers}</var>
<arg>Authorization=Bearer ${TOKEN}</arg>
<doc>Creates and returns a dictionary based on the given ``items``.</doc>
<status status="PASS" start="2025-09-23T08:50:52.056693" elapsed="0.000108"/>
</kw>
<kw name="GET" owner="RequestsLibrary">
<msg time="2025-09-23T08:50:52.059188" level="INFO">GET Request : url=http://127.0.0.1:5000/books/1 
 path_url=/books/1 
 headers={'User-Agent': 'python-requests/2.32.5', 'Accept-Encoding': 'gzip, deflate', 'Accept': '*/*', 'Connection': 'keep-alive', 'Authorization': 'Bearer eyJhbGciOiJIUzI1NiIsInR5cCI6IkpXVCJ9.eyJmcmVzaCI6ZmFsc2UsImlhdCI6MTc1ODYxMDI1MiwianRpIjoiYWFhMWZhODgtMDZjNC00ZTg3LTk5N2UtNGJhNjY3ZmQ0ZmI3IiwidHlwZSI6ImFjY2VzcyIsInN1YiI6IjEiLCJuYmYiOjE3NTg2MTAyNTIsImNzcmYiOiJiMGI5NWQwYS0xMDU4LTRiNDctYTg2Ny03YTMxZTdjZGVmOGQiLCJleHAiOjE3NTg2MTExNTJ9.l5e57XZ1bgY-QBoReoskd4fTD-ec5p_XmJQt_koKfsI'} 
 body=None 
 </msg>
<msg time="2025-09-23T08:50:52.059218" level="INFO">GET Response : url=http://127.0.0.1:5000/books/1 
 status=200, reason=OK 
 headers={'Server': 'Werkzeug/3.1.3 Python/3.12.3', 'Date': 'Tue, 23 Sep 2025 06:50:52 GMT', 'Content-Type': 'application/json', 'Content-Length': '169', 'Connection': 'close'} 
 body={
  "author": "No Author",
  "cover_url": null,
  "description": "Test Description",
  "id": 1,
  "publish_year": null,
  "series": null,
  "title": "Robot Test Book"
}
 
 </msg>
<msg time="2025-09-23T08:50:52.059275" level="INFO">${resp} = &lt;Response [200]&gt;</msg>
<var>${resp}</var>
<arg>${BASE_URL}/books/${BOOK_ID}</arg>
<arg>headers=${headers}</arg>
<doc>Sends a GET request.</doc>
<status status="PASS" start="2025-09-23T08:50:52.056856" elapsed="0.002429"/>
</kw>
<kw name="Should Be Equal As Integers" owner="BuiltIn">
<msg time="2025-09-23T08:50:52.059586" level="INFO">Argument types are:
&lt;class 'int'&gt;
&lt;class 'str'&gt;</msg>
<arg>${resp.status_code}</arg>
<arg>200</arg>
<doc>Fails if objects are unequal after converting them to integers.</doc>
<status status="PASS" start="2025-09-23T08:50:52.059371" elapsed="0.000241"/>
</kw>
<kw name="Set Variable" owner="BuiltIn">
<msg time="2025-09-23T08:50:52.059863" level="INFO">${book} = {'author': 'No Author', 'cover_url': None, 'description': 'Test Description', 'id': 1, 'publish_year': None, 'series': None, 'title': 'Robot Test Book'}</msg>
<var>${book}</var>
<arg>${resp.json()}</arg>
<doc>Returns the given values which can then be assigned to a variables.</doc>
<status status="PASS" start="2025-09-23T08:50:52.059671" elapsed="0.000203"/>
</kw>
<kw name="Should Be Equal" owner="BuiltIn">
<arg>${book['id']}</arg>
<arg>${BOOK_ID}</arg>
<doc>Fails if the given objects are unequal.</doc>
<status status="PASS" start="2025-09-23T08:50:52.059931" elapsed="0.000198"/>
</kw>
<kw name="Should Be Equal" owner="BuiltIn">
<arg>${book['title']}</arg>
<arg>${GET_BOOK_EXPECTED_TITLE}</arg>
<doc>Fails if the given objects are unequal.</doc>
<status status="PASS" start="2025-09-23T08:50:52.060181" elapsed="0.000205"/>
</kw>
<tag>books</tag>
<tag>get</tag>
<status status="PASS" start="2025-09-23T08:50:52.056567" elapsed="0.003873"/>
</test>
<test id="s1-s1-s2-t4" name="Update Book" line="36">
<kw name="Create Dictionary" owner="BuiltIn">
<msg time="2025-09-23T08:50:52.060726" level="INFO">${headers} = {'Authorization': 'Bearer eyJhbGciOiJIUzI1NiIsInR5cCI6IkpXVCJ9.eyJmcmVzaCI6ZmFsc2UsImlhdCI6MTc1ODYxMDI1MiwianRpIjoiYWFhMWZhODgtMDZjNC00ZTg3LTk5N2UtNGJhNjY3ZmQ0ZmI3IiwidHlwZSI6ImFjY2VzcyIsInN1YiI6IjEiL...</msg>
<var>${headers}</var>
<arg>Authorization=Bearer ${TOKEN}</arg>
<arg>Content-Type=application/json</arg>
<doc>Creates and returns a dictionary based on the given ``items``.</doc>
<status status="PASS" start="2025-09-23T08:50:52.060630" elapsed="0.000108"/>
</kw>
<kw name="PUT" owner="RequestsLibrary">
<msg time="2025-09-23T08:50:52.072055" level="INFO">PUT Request : url=http://127.0.0.1:5000/books/1 
 path_url=/books/1 
 headers={'User-Agent': 'python-requests/2.32.5', 'Accept-Encoding': 'gzip, deflate', 'Accept': '*/*', 'Connection': 'keep-alive', 'Authorization': 'Bearer eyJhbGciOiJIUzI1NiIsInR5cCI6IkpXVCJ9.eyJmcmVzaCI6ZmFsc2UsImlhdCI6MTc1ODYxMDI1MiwianRpIjoiYWFhMWZhODgtMDZjNC00ZTg3LTk5N2UtNGJhNjY3ZmQ0ZmI3IiwidHlwZSI6ImFjY2VzcyIsInN1YiI6IjEiLCJuYmYiOjE3NTg2MTAyNTIsImNzcmYiOiJiMGI5NWQwYS0xMDU4LTRiNDctYTg2Ny03YTMxZTdjZGVmOGQiLCJleHAiOjE3NTg2MTExNTJ9.l5e57XZ1bgY-QBoReoskd4fTD-ec5p_XmJQt_koKfsI', 'Content-Type': 'application/json', 'Content-Length': '151'} 
 body=b'{"title": "Updated Robot Test Book", "authors": "[Updated Author]", "description": "Updated Description", "cover_url": "http://example.com/cover2.jpg"}' 
 </msg>
<msg time="2025-09-23T08:50:52.072117" level="INFO">PUT Response : url=http://127.0.0.1:5000/books/1 
 status=200, reason=OK 
 headers={'Server': 'Werkzeug/3.1.3 Python/3.12.3', 'Date': 'Tue, 23 Sep 2025 06:50:52 GMT', 'Content-Type': 'application/json', 'Content-Length': '28', 'Connection': 'close'} 
 body={
  "msg": "Book updated"
}
 
 </msg>
<msg time="2025-09-23T08:50:52.072248" level="INFO">${resp} = &lt;Response [200]&gt;</msg>
<var>${resp}</var>
<arg>${BASE_URL}/books/${BOOK_ID}</arg>
<arg>headers=${headers}</arg>
<arg>json=&amp;{BOOK_UPDATE_PAYLOAD}</arg>
<doc>Sends a PUT request.</doc>
<status status="PASS" start="2025-09-23T08:50:52.060788" elapsed="0.011481"/>
</kw>
<kw name="Should Be Equal As Integers" owner="BuiltIn">
<msg time="2025-09-23T08:50:52.072776" level="INFO">Argument types are:
&lt;class 'int'&gt;
&lt;class 'str'&gt;</msg>
<arg>${resp.status_code}</arg>
<arg>200</arg>
<doc>Fails if objects are unequal after converting them to integers.</doc>
<status status="PASS" start="2025-09-23T08:50:52.072426" elapsed="0.000391"/>
</kw>
<kw name="Set Variable" owner="BuiltIn">
<msg time="2025-09-23T08:50:52.073213" level="INFO">${resp_json} = {'msg': 'Book updated'}</msg>
<var>${resp_json}</var>
<arg>${resp.json()}</arg>
<doc>Returns the given values which can then be assigned to a variables.</doc>
<status status="PASS" start="2025-09-23T08:50:52.072910" elapsed="0.000322"/>
</kw>
<kw name="Should Be Equal" owner="BuiltIn">
<arg>${resp_json['msg']}</arg>
<arg>${UPDATE_BOOK_EXPECTED_RESPONSE}</arg>
<doc>Fails if the given objects are unequal.</doc>
<status status="PASS" start="2025-09-23T08:50:52.073323" elapsed="0.000321"/>
</kw>
<tag>books</tag>
<tag>update</tag>
<status status="PASS" start="2025-09-23T08:50:52.060512" elapsed="0.013226"/>
</test>
<test id="s1-s1-s2-t5" name="Get Book Full Info" line="44">
<kw name="Create Dictionary" owner="BuiltIn">
<msg time="2025-09-23T08:50:52.074249" level="INFO">${headers} = {'Authorization': 'Bearer eyJhbGciOiJIUzI1NiIsInR5cCI6IkpXVCJ9.eyJmcmVzaCI6ZmFsc2UsImlhdCI6MTc1ODYxMDI1MiwianRpIjoiYWFhMWZhODgtMDZjNC00ZTg3LTk5N2UtNGJhNjY3ZmQ0ZmI3IiwidHlwZSI6ImFjY2VzcyIsInN1YiI6IjEiL...</msg>
<var>${headers}</var>
<arg>Authorization=Bearer ${TOKEN}</arg>
<doc>Creates and returns a dictionary based on the given ``items``.</doc>
<status status="PASS" start="2025-09-23T08:50:52.074090" elapsed="0.000178"/>
</kw>
<kw name="GET" owner="RequestsLibrary">
<msg time="2025-09-23T08:50:52.077899" level="INFO">GET Request : url=http://127.0.0.1:5000/books/1/full 
 path_url=/books/1/full 
 headers={'User-Agent': 'python-requests/2.32.5', 'Accept-Encoding': 'gzip, deflate', 'Accept': '*/*', 'Connection': 'keep-alive', 'Authorization': 'Bearer eyJhbGciOiJIUzI1NiIsInR5cCI6IkpXVCJ9.eyJmcmVzaCI6ZmFsc2UsImlhdCI6MTc1ODYxMDI1MiwianRpIjoiYWFhMWZhODgtMDZjNC00ZTg3LTk5N2UtNGJhNjY3ZmQ0ZmI3IiwidHlwZSI6ImFjY2VzcyIsInN1YiI6IjEiLCJuYmYiOjE3NTg2MTAyNTIsImNzcmYiOiJiMGI5NWQwYS0xMDU4LTRiNDctYTg2Ny03YTMxZTdjZGVmOGQiLCJleHAiOjE3NTg2MTExNTJ9.l5e57XZ1bgY-QBoReoskd4fTD-ec5p_XmJQt_koKfsI'} 
 body=None 
 </msg>
<msg time="2025-09-23T08:50:52.077954" level="INFO">GET Response : url=http://127.0.0.1:5000/books/1/full 
 status=200, reason=OK 
 headers={'Server': 'Werkzeug/3.1.3 Python/3.12.3', 'Date': 'Tue, 23 Sep 2025 06:50:52 GMT', 'Content-Type': 'application/json', 'Content-Length': '220', 'Connection': 'close'} 
 body={
  "author": "No Author",
  "average_rating": null,
  "comments": [],
  "description": "Updated Description",
  "id": 1,
  "publish_year": null,
  "ratings": [],
  "series": null,
  "title": "Updated Robot Test Book"
}
 
 </msg>
<msg time="2025-09-23T08:50:52.078002" level="INFO">${resp} = &lt;Response [200]&gt;</msg>
<var>${resp}</var>
<arg>${BASE_URL}/books/${BOOK_ID}/full</arg>
<arg>headers=${headers}</arg>
<doc>Sends a GET request.</doc>
<status status="PASS" start="2025-09-23T08:50:52.074361" elapsed="0.003652"/>
</kw>
<kw name="Should Be Equal As Integers" owner="BuiltIn">
<msg time="2025-09-23T08:50:52.078287" level="INFO">Argument types are:
&lt;class 'int'&gt;
&lt;class 'str'&gt;</msg>
<arg>${resp.status_code}</arg>
<arg>200</arg>
<doc>Fails if objects are unequal after converting them to integers.</doc>
<status status="PASS" start="2025-09-23T08:50:52.078084" elapsed="0.000226"/>
</kw>
<kw name="Set Variable" owner="BuiltIn">
<msg time="2025-09-23T08:50:52.078562" level="INFO">${book} = {'author': 'No Author', 'average_rating': None, 'comments': [], 'description': 'Updated Description', 'id': 1, 'publish_year': None, 'ratings': [], 'series': None, 'title': 'Updated Robot Test Book'}</msg>
<var>${book}</var>
<arg>${resp.json()}</arg>
<doc>Returns the given values which can then be assigned to a variables.</doc>
<status status="PASS" start="2025-09-23T08:50:52.078372" elapsed="0.000200"/>
</kw>
<kw name="Should Be Equal" owner="BuiltIn">
<arg>${book['id']}</arg>
<arg>${BOOK_ID}</arg>
<doc>Fails if the given objects are unequal.</doc>
<status status="PASS" start="2025-09-23T08:50:52.078623" elapsed="0.000190"/>
</kw>
<kw name="Should Contain" owner="BuiltIn">
<arg>${book}</arg>
<arg>title</arg>
<doc>Fails if ``container`` does not contain ``item`` one or more times.</doc>
<status status="PASS" start="2025-09-23T08:50:52.078864" elapsed="0.000050"/>
</kw>
<kw name="Should Contain" owner="BuiltIn">
<msg time="2025-09-23T08:50:52.079041" level="FAIL">'{'author': 'No Author', 'average_rating': None, 'comments': [], 'description': 'Updated Description', 'id': 1, 'publish_year': None, 'ratings': [], 'series': None, 'title': 'Updated Robot Test Book'}' does not contain 'authors'</msg>
<arg>${book}</arg>
<arg>authors</arg>
<doc>Fails if ``container`` does not contain ``item`` one or more times.</doc>
<status status="FAIL" start="2025-09-23T08:50:52.078960" elapsed="0.000150">'{'author': 'No Author', 'average_rating': None, 'comments': [], 'description': 'Updated Description', 'id': 1, 'publish_year': None, 'ratings': [], 'series': None, 'title': 'Updated Robot Test Book'}' does not contain 'authors'</status>
</kw>
<kw name="Should Contain" owner="BuiltIn">
<arg>${book}</arg>
<arg>cover_url</arg>
<doc>Fails if ``container`` does not contain ``item`` one or more times.</doc>
<status status="NOT RUN" start="2025-09-23T08:50:52.079171" elapsed="0.000009"/>
</kw>
<kw name="Should Contain" owner="BuiltIn">
<arg>${book}</arg>
<arg>ratings</arg>
<doc>Fails if ``container`` does not contain ``item`` one or more times.</doc>
<status status="NOT RUN" start="2025-09-23T08:50:52.079224" elapsed="0.000007"/>
</kw>
<kw name="Should Contain" owner="BuiltIn">
<arg>${book}</arg>
<arg>comments</arg>
<doc>Fails if ``container`` does not contain ``item`` one or more times.</doc>
<status status="NOT RUN" start="2025-09-23T08:50:52.079280" elapsed="0.000007"/>
</kw>
<tag>books</tag>
<tag>full</tag>
<tag>get</tag>
<status status="FAIL" start="2025-09-23T08:50:52.073881" elapsed="0.005477">'{'author': 'No Author', 'average_rating': None, 'comments': [], 'description': 'Updated Description', 'id': 1, 'publish_year': None, 'ratings': [], 'series': None, 'title': 'Updated Robot Test Book'}' does not contain 'authors'</status>
</test>
<test id="s1-s1-s2-t6" name="Delete Book" line="57">
<kw name="Create Dictionary" owner="BuiltIn">
<msg time="2025-09-23T08:50:52.079634" level="INFO">${headers} = {'Authorization': 'Bearer eyJhbGciOiJIUzI1NiIsInR5cCI6IkpXVCJ9.eyJmcmVzaCI6ZmFsc2UsImlhdCI6MTc1ODYxMDI1MiwianRpIjoiYWFhMWZhODgtMDZjNC00ZTg3LTk5N2UtNGJhNjY3ZmQ0ZmI3IiwidHlwZSI6ImFjY2VzcyIsInN1YiI6IjEiL...</msg>
<var>${headers}</var>
<arg>Authorization=Bearer ${TOKEN}</arg>
<doc>Creates and returns a dictionary based on the given ``items``.</doc>
<status status="PASS" start="2025-09-23T08:50:52.079544" elapsed="0.000101"/>
</kw>
<kw name="DELETE" owner="RequestsLibrary">
<msg time="2025-09-23T08:50:52.093302" level="INFO">DELETE Request : url=http://127.0.0.1:5000/books/1 
 path_url=/books/1 
 headers={'User-Agent': 'python-requests/2.32.5', 'Accept-Encoding': 'gzip, deflate', 'Accept': '*/*', 'Connection': 'keep-alive', 'Authorization': 'Bearer eyJhbGciOiJIUzI1NiIsInR5cCI6IkpXVCJ9.eyJmcmVzaCI6ZmFsc2UsImlhdCI6MTc1ODYxMDI1MiwianRpIjoiYWFhMWZhODgtMDZjNC00ZTg3LTk5N2UtNGJhNjY3ZmQ0ZmI3IiwidHlwZSI6ImFjY2VzcyIsInN1YiI6IjEiLCJuYmYiOjE3NTg2MTAyNTIsImNzcmYiOiJiMGI5NWQwYS0xMDU4LTRiNDctYTg2Ny03YTMxZTdjZGVmOGQiLCJleHAiOjE3NTg2MTExNTJ9.l5e57XZ1bgY-QBoReoskd4fTD-ec5p_XmJQt_koKfsI', 'Content-Length': '0'} 
 body=None 
 </msg>
<msg time="2025-09-23T08:50:52.093357" level="INFO">DELETE Response : url=http://127.0.0.1:5000/books/1 
 status=200, reason=OK 
 headers={'Server': 'Werkzeug/3.1.3 Python/3.12.3', 'Date': 'Tue, 23 Sep 2025 06:50:52 GMT', 'Content-Type': 'application/json', 'Content-Length': '28', 'Connection': 'close'} 
 body={
  "msg": "Book deleted"
}
 
 </msg>
<msg time="2025-09-23T08:50:52.093419" level="INFO">${resp} = &lt;Response [200]&gt;</msg>
<var>${resp}</var>
<arg>${BASE_URL}/books/${BOOK_ID}</arg>
<arg>headers=${headers}</arg>
<doc>Sends a DELETE request.</doc>
<status status="PASS" start="2025-09-23T08:50:52.079691" elapsed="0.013740"/>
</kw>
<kw name="Should Be Equal As Integers" owner="BuiltIn">
<msg time="2025-09-23T08:50:52.093770" level="INFO">Argument types are:
&lt;class 'int'&gt;
&lt;class 'str'&gt;</msg>
<arg>${resp.status_code}</arg>
<arg>200</arg>
<doc>Fails if objects are unequal after converting them to integers.</doc>
<status status="PASS" start="2025-09-23T08:50:52.093538" elapsed="0.000258"/>
</kw>
<kw name="Should Contain" owner="BuiltIn">
<arg>${resp.text}</arg>
<arg>${DELETE_BOOK_EXPECTED_RESPONSE}</arg>
<doc>Fails if ``container`` does not contain ``item`` one or more times.</doc>
<status status="PASS" start="2025-09-23T08:50:52.093859" elapsed="0.000199"/>
</kw>
<tag>books</tag>
<tag>delete</tag>
<status status="PASS" start="2025-09-23T08:50:52.079434" elapsed="0.014689"/>
</test>
<kw name="Cleanup User" owner="keywords" type="TEARDOWN">
<kw name="Delete User" owner="auth_keywords">
<kw name="Create Dictionary" owner="BuiltIn">
<msg time="2025-09-23T08:50:52.094586" level="INFO">${headers} = {'Authorization': 'Bearer eyJhbGciOiJIUzI1NiIsInR5cCI6IkpXVCJ9.eyJmcmVzaCI6ZmFsc2UsImlhdCI6MTc1ODYxMDI1MiwianRpIjoiYWFhMWZhODgtMDZjNC00ZTg3LTk5N2UtNGJhNjY3ZmQ0ZmI3IiwidHlwZSI6ImFjY2VzcyIsInN1YiI6IjEiL...</msg>
<var>${headers}</var>
<arg>Authorization=Bearer ${TOKEN}</arg>
<doc>Creates and returns a dictionary based on the given ``items``.</doc>
<status status="PASS" start="2025-09-23T08:50:52.094493" elapsed="0.000105"/>
</kw>
<kw name="DELETE" owner="RequestsLibrary">
<msg time="2025-09-23T08:50:52.104920" level="INFO">DELETE Request : url=http://127.0.0.1:5000/users/1 
 path_url=/users/1 
 headers={'User-Agent': 'python-requests/2.32.5', 'Accept-Encoding': 'gzip, deflate', 'Accept': '*/*', 'Connection': 'keep-alive', 'Authorization': 'Bearer eyJhbGciOiJIUzI1NiIsInR5cCI6IkpXVCJ9.eyJmcmVzaCI6ZmFsc2UsImlhdCI6MTc1ODYxMDI1MiwianRpIjoiYWFhMWZhODgtMDZjNC00ZTg3LTk5N2UtNGJhNjY3ZmQ0ZmI3IiwidHlwZSI6ImFjY2VzcyIsInN1YiI6IjEiLCJuYmYiOjE3NTg2MTAyNTIsImNzcmYiOiJiMGI5NWQwYS0xMDU4LTRiNDctYTg2Ny03YTMxZTdjZGVmOGQiLCJleHAiOjE3NTg2MTExNTJ9.l5e57XZ1bgY-QBoReoskd4fTD-ec5p_XmJQt_koKfsI', 'Content-Length': '0'} 
 body=None 
 </msg>
<msg time="2025-09-23T08:50:52.104995" level="INFO">DELETE Response : url=http://127.0.0.1:5000/users/1 
 status=200, reason=OK 
 headers={'Server': 'Werkzeug/3.1.3 Python/3.12.3', 'Date': 'Tue, 23 Sep 2025 06:50:52 GMT', 'Content-Type': 'application/json', 'Content-Length': '28', 'Connection': 'close'} 
 body={
  "msg": "User deleted"
}
 
 </msg>
<msg time="2025-09-23T08:50:52.105084" level="INFO">${resp} = &lt;Response [200]&gt;</msg>
<var>${resp}</var>
<arg>${BASE_URL}/users/${USER_ID}</arg>
<arg>headers=${headers}</arg>
<doc>Sends a DELETE request.</doc>
<status status="PASS" start="2025-09-23T08:50:52.094637" elapsed="0.010459"/>
</kw>
<kw name="Should Be Equal As Integers" owner="BuiltIn">
<msg time="2025-09-23T08:50:52.105427" level="INFO">Argument types are:
&lt;class 'int'&gt;
&lt;class 'str'&gt;</msg>
<arg>${resp.status_code}</arg>
<arg>200</arg>
<doc>Fails if objects are unequal after converting them to integers.</doc>
<status status="PASS" start="2025-09-23T08:50:52.105177" elapsed="0.000274"/>
</kw>
<kw name="Should Contain" owner="BuiltIn">
<arg>${resp.text}</arg>
<arg>User deleted</arg>
<doc>Fails if ``container`` does not contain ``item`` one or more times.</doc>
<status status="PASS" start="2025-09-23T08:50:52.105498" elapsed="0.000182"/>
</kw>
<status status="PASS" start="2025-09-23T08:50:52.094421" elapsed="0.011288"/>
</kw>
<status status="PASS" start="2025-09-23T08:50:52.094322" elapsed="0.011405"/>
</kw>
<status status="FAIL" start="2025-09-23T08:50:51.883784" elapsed="0.221955"/>
</suite>
<suite id="s1-s1-s3" name="Comments" source="/home/staffan/develop/projekts/booklib-api_ai/tests_robot/api/comments.robot">
<kw name="Setup Book For Comments" owner="comments_keywords" type="SETUP">
<kw name="Setup User" owner="keywords">
<kw name="Register User" owner="auth_keywords">
<kw name="Create Dictionary" owner="BuiltIn">
<msg time="2025-09-23T08:50:52.108245" level="INFO">${payload} = {'username': 'auto_user', 'email': 'auto_user@example.com', 'password': 'testpass'}</msg>
<var>${payload}</var>
<arg>username=${TEST_USER}</arg>
<arg>email=${TEST_EMAIL}</arg>
<arg>password=${TEST_PASS}</arg>
<doc>Creates and returns a dictionary based on the given ``items``.</doc>
<status status="PASS" start="2025-09-23T08:50:52.108120" elapsed="0.000138"/>
</kw>
<kw name="Create Dictionary" owner="BuiltIn">
<msg time="2025-09-23T08:50:52.108375" level="INFO">${headers} = {'Content-Type': 'application/json'}</msg>
<var>${headers}</var>
<arg>Content-Type=application/json</arg>
<doc>Creates and returns a dictionary based on the given ``items``.</doc>
<status status="PASS" start="2025-09-23T08:50:52.108307" elapsed="0.000078"/>
</kw>
<kw name="POST" owner="RequestsLibrary">
<msg time="2025-09-23T08:50:52.175406" level="INFO">POST Request : url=http://127.0.0.1:5000/users/register 
 path_url=/users/register 
 headers={'User-Agent': 'python-requests/2.32.5', 'Accept-Encoding': 'gzip, deflate', 'Accept': '*/*', 'Connection': 'keep-alive', 'Content-Type': 'application/json', 'Content-Length': '83'} 
 body=b'{"username": "auto_user", "email": "auto_user@example.com", "password": "testpass"}' 
 </msg>
<msg time="2025-09-23T08:50:52.175482" level="INFO">POST Response : url=http://127.0.0.1:5000/users/register 
 status=201, reason=CREATED 
 headers={'Server': 'Werkzeug/3.1.3 Python/3.12.3', 'Date': 'Tue, 23 Sep 2025 06:50:52 GMT', 'Content-Type': 'application/json', 'Content-Length': '31', 'Connection': 'close'} 
 body={
  "msg": "User registered"
}
 
 </msg>
<msg time="2025-09-23T08:50:52.175580" level="INFO">${resp} = &lt;Response [201]&gt;</msg>
<var>${resp}</var>
<arg>${BASE_URL}/users/register</arg>
<arg>headers=${headers}</arg>
<arg>json=${payload}</arg>
<doc>Sends a POST request.</doc>
<status status="PASS" start="2025-09-23T08:50:52.108425" elapsed="0.067174"/>
</kw>
<kw name="Should Be Equal As Integers" owner="BuiltIn">
<msg time="2025-09-23T08:50:52.176101" level="INFO">Argument types are:
&lt;class 'int'&gt;
&lt;class 'str'&gt;</msg>
<arg>${resp.status_code}</arg>
<arg>201</arg>
<doc>Fails if objects are unequal after converting them to integers.</doc>
<status status="PASS" start="2025-09-23T08:50:52.175725" elapsed="0.000416"/>
</kw>
<status status="PASS" start="2025-09-23T08:50:52.108053" elapsed="0.068139"/>
</kw>
<kw name="Login User" owner="auth_keywords">
<kw name="Create Dictionary" owner="BuiltIn">
<msg time="2025-09-23T08:50:52.176662" level="INFO">${payload} = {'username': 'auto_user', 'password': 'testpass'}</msg>
<var>${payload}</var>
<arg>username=${TEST_USER}</arg>
<arg>password=${TEST_PASS}</arg>
<doc>Creates and returns a dictionary based on the given ``items``.</doc>
<status status="PASS" start="2025-09-23T08:50:52.176470" elapsed="0.000209"/>
</kw>
<kw name="POST" owner="RequestsLibrary">
<msg time="2025-09-23T08:50:52.238303" level="INFO">POST Request : url=http://127.0.0.1:5000/users/login 
 path_url=/users/login 
 headers={'User-Agent': 'python-requests/2.32.5', 'Accept-Encoding': 'gzip, deflate', 'Accept': '*/*', 'Connection': 'keep-alive', 'Content-Length': '49', 'Content-Type': 'application/json'} 
 body=b'{"username": "auto_user", "password": "testpass"}' 
 </msg>
<msg time="2025-09-23T08:50:52.238367" level="INFO">POST Response : url=http://127.0.0.1:5000/users/login 
 status=200, reason=OK 
 headers={'Server': 'Werkzeug/3.1.3 Python/3.12.3', 'Date': 'Tue, 23 Sep 2025 06:50:52 GMT', 'Content-Type': 'application/json', 'Content-Length': '350', 'Connection': 'close'} 
 body={
  "access_token": "eyJhbGciOiJIUzI1NiIsInR5cCI6IkpXVCJ9.eyJmcmVzaCI6ZmFsc2UsImlhdCI6MTc1ODYxMDI1MiwianRpIjoiOGVjNzc4NDYtYzg4My00ZjhkLWJkNDgtYWQ3MjIxOGJhMTgyIiwidHlwZSI6ImFjY2VzcyIsInN1YiI6IjEiLCJuYmYiOjE3NTg2MTAyNTIsImNzcmYiOiI3YWZmNmI5ZS01OTE1LTRiM2UtOWM5Ny1lYzg5NDVhNTBkNmEiLCJleHAiOjE3NTg2MTExNTJ9.MO5CPQiha7D9lKRUKaF17CaNtGqHn1qG-VWpUYfWeOM"
}
 
 </msg>
<msg time="2025-09-23T08:50:52.238455" level="INFO">${resp} = &lt;Response [200]&gt;</msg>
<var>${resp}</var>
<arg>${BASE_URL}/users/login</arg>
<arg>json=${payload}</arg>
<doc>Sends a POST request.</doc>
<status status="PASS" start="2025-09-23T08:50:52.176752" elapsed="0.061715"/>
</kw>
<kw name="Should Be Equal As Integers" owner="BuiltIn">
<msg time="2025-09-23T08:50:52.238830" level="INFO">Argument types are:
&lt;class 'int'&gt;
&lt;class 'str'&gt;</msg>
<arg>${resp.status_code}</arg>
<arg>200</arg>
<doc>Fails if objects are unequal after converting them to integers.</doc>
<status status="PASS" start="2025-09-23T08:50:52.238566" elapsed="0.000289"/>
</kw>
<kw name="Set Global Variable" owner="BuiltIn">
<msg time="2025-09-23T08:50:52.239157" level="INFO">${TOKEN} = eyJhbGciOiJIUzI1NiIsInR5cCI6IkpXVCJ9.eyJmcmVzaCI6ZmFsc2UsImlhdCI6MTc1ODYxMDI1MiwianRpIjoiOGVjNzc4NDYtYzg4My00ZjhkLWJkNDgtYWQ3MjIxOGJhMTgyIiwidHlwZSI6ImFjY2VzcyIsInN1YiI6IjEiLCJuYmYiOjE3NTg2MTAyNTIsImN...</msg>
<arg>${TOKEN}</arg>
<arg>${resp.json()['access_token']}</arg>
<doc>Makes a variable available globally in all tests and suites.</doc>
<status status="PASS" start="2025-09-23T08:50:52.238910" elapsed="0.000265"/>
</kw>
<kw name="Set User Id From Api" owner="auth_keywords">
<kw name="Create Dictionary" owner="BuiltIn">
<msg time="2025-09-23T08:50:52.239480" level="INFO">${headers} = {'Authorization': 'Bearer eyJhbGciOiJIUzI1NiIsInR5cCI6IkpXVCJ9.eyJmcmVzaCI6ZmFsc2UsImlhdCI6MTc1ODYxMDI1MiwianRpIjoiOGVjNzc4NDYtYzg4My00ZjhkLWJkNDgtYWQ3MjIxOGJhMTgyIiwidHlwZSI6ImFjY2VzcyIsInN1YiI6IjEiL...</msg>
<var>${headers}</var>
<arg>Authorization=Bearer ${TOKEN}</arg>
<doc>Creates and returns a dictionary based on the given ``items``.</doc>
<status status="PASS" start="2025-09-23T08:50:52.239380" elapsed="0.000111"/>
</kw>
<kw name="GET" owner="RequestsLibrary">
<msg time="2025-09-23T08:50:52.241592" level="INFO">GET Request : url=http://127.0.0.1:5000/users 
 path_url=/users 
 headers={'User-Agent': 'python-requests/2.32.5', 'Accept-Encoding': 'gzip, deflate', 'Accept': '*/*', 'Connection': 'keep-alive', 'Authorization': 'Bearer eyJhbGciOiJIUzI1NiIsInR5cCI6IkpXVCJ9.eyJmcmVzaCI6ZmFsc2UsImlhdCI6MTc1ODYxMDI1MiwianRpIjoiOGVjNzc4NDYtYzg4My00ZjhkLWJkNDgtYWQ3MjIxOGJhMTgyIiwidHlwZSI6ImFjY2VzcyIsInN1YiI6IjEiLCJuYmYiOjE3NTg2MTAyNTIsImNzcmYiOiI3YWZmNmI5ZS01OTE1LTRiM2UtOWM5Ny1lYzg5NDVhNTBkNmEiLCJleHAiOjE3NTg2MTExNTJ9.MO5CPQiha7D9lKRUKaF17CaNtGqHn1qG-VWpUYfWeOM'} 
 body=None 
 </msg>
<msg time="2025-09-23T08:50:52.241652" level="INFO">GET Response : url=http://127.0.0.1:5000/users 
 status=200, reason=OK 
 headers={'Server': 'Werkzeug/3.1.3 Python/3.12.3', 'Date': 'Tue, 23 Sep 2025 06:50:52 GMT', 'Content-Type': 'application/json', 'Content-Length': '91', 'Connection': 'close'} 
 body=[
  {
    "email": "auto_user@example.com",
    "id": 1,
    "username": "auto_user"
  }
]
 
 </msg>
<msg time="2025-09-23T08:50:52.241729" level="INFO">${resp} = &lt;Response [200]&gt;</msg>
<var>${resp}</var>
<arg>${BASE_URL}/users</arg>
<arg>headers=${headers}</arg>
<doc>Sends a GET request.</doc>
<status status="PASS" start="2025-09-23T08:50:52.239558" elapsed="0.002189"/>
</kw>
<kw name="Evaluate" owner="BuiltIn">
<msg time="2025-09-23T08:50:52.242520" level="INFO">${users} = [{'email': 'auto_user@example.com', 'id': 1, 'username': 'auto_user'}]</msg>
<var>${users}</var>
<arg>[u for u in ${resp.json()} if u['username']=='${TEST_USER}']</arg>
<doc>Evaluates the given expression in Python and returns the result.</doc>
<status status="PASS" start="2025-09-23T08:50:52.241850" elapsed="0.000689"/>
</kw>
<if>
<branch type="IF" condition="not ${users}">
<kw name="Fail" owner="BuiltIn">
<arg>User testuser not found for id lookup</arg>
<doc>Fails the test with the given message and optionally alters its tags.</doc>
<status status="NOT RUN" start="2025-09-23T08:50:52.242727" elapsed="0.000014"/>
</kw>
<status status="NOT RUN" start="2025-09-23T08:50:52.242601" elapsed="0.000162"/>
</branch>
<status status="PASS" start="2025-09-23T08:50:52.242581" elapsed="0.000203"/>
</if>
<kw name="Set Global Variable" owner="BuiltIn">
<msg time="2025-09-23T08:50:52.243209" level="INFO">${USER_ID} = 1</msg>
<arg>${USER_ID}</arg>
<arg>${users[0]['id']}</arg>
<doc>Makes a variable available globally in all tests and suites.</doc>
<status status="PASS" start="2025-09-23T08:50:52.242850" elapsed="0.000387"/>
</kw>
<status status="PASS" start="2025-09-23T08:50:52.239281" elapsed="0.003998"/>
</kw>
<status status="PASS" start="2025-09-23T08:50:52.176321" elapsed="0.066992"/>
</kw>
<status status="PASS" start="2025-09-23T08:50:52.107979" elapsed="0.135370"/>
</kw>
<kw name="Create Dictionary" owner="BuiltIn">
<msg time="2025-09-23T08:50:52.243576" level="INFO">${headers} = {'Authorization': 'Bearer eyJhbGciOiJIUzI1NiIsInR5cCI6IkpXVCJ9.eyJmcmVzaCI6ZmFsc2UsImlhdCI6MTc1ODYxMDI1MiwianRpIjoiOGVjNzc4NDYtYzg4My00ZjhkLWJkNDgtYWQ3MjIxOGJhMTgyIiwidHlwZSI6ImFjY2VzcyIsInN1YiI6IjEiL...</msg>
<var>${headers}</var>
<arg>Authorization=Bearer ${TOKEN}</arg>
<arg>Content-Type=application/json</arg>
<doc>Creates and returns a dictionary based on the given ``items``.</doc>
<status status="PASS" start="2025-09-23T08:50:52.243416" elapsed="0.000177"/>
</kw>
<kw name="POST" owner="RequestsLibrary">
<msg time="2025-09-23T08:50:52.263068" level="INFO">POST Request : url=http://127.0.0.1:5000/books 
 path_url=/books 
 headers={'User-Agent': 'python-requests/2.32.5', 'Accept-Encoding': 'gzip, deflate', 'Accept': '*/*', 'Connection': 'keep-alive', 'Authorization': 'Bearer eyJhbGciOiJIUzI1NiIsInR5cCI6IkpXVCJ9.eyJmcmVzaCI6ZmFsc2UsImlhdCI6MTc1ODYxMDI1MiwianRpIjoiOGVjNzc4NDYtYzg4My00ZjhkLWJkNDgtYWQ3MjIxOGJhMTgyIiwidHlwZSI6ImFjY2VzcyIsInN1YiI6IjEiLCJuYmYiOjE3NTg2MTAyNTIsImNzcmYiOiI3YWZmNmI5ZS01OTE1LTRiM2UtOWM5Ny1lYzg5NDVhNTBkNmEiLCJleHAiOjE3NTg2MTExNTJ9.MO5CPQiha7D9lKRUKaF17CaNtGqHn1qG-VWpUYfWeOM', 'Content-Type': 'application/json', 'Content-Length': '136'} 
 body=b'{"title": "Robot Test Book", "authors": "[Test Author]", "description": "Test Description", "cover_url": "http://example.com/cover.jpg"}' 
 </msg>
<msg time="2025-09-23T08:50:52.263119" level="INFO">POST Response : url=http://127.0.0.1:5000/books 
 status=201, reason=CREATED 
 headers={'Server': 'Werkzeug/3.1.3 Python/3.12.3', 'Date': 'Tue, 23 Sep 2025 06:50:52 GMT', 'Content-Type': 'application/json', 'Content-Length': '44', 'Connection': 'close'} 
 body={
  "id": 1,
  "title": "Robot Test Book"
}
 
 </msg>
<msg time="2025-09-23T08:50:52.263182" level="INFO">${resp} = &lt;Response [201]&gt;</msg>
<var>${resp}</var>
<arg>${BASE_URL}/books</arg>
<arg>headers=${headers}</arg>
<arg>json=&amp;{BOOK_CREATE_PAYLOAD}</arg>
<doc>Sends a POST request.</doc>
<status status="PASS" start="2025-09-23T08:50:52.243659" elapsed="0.019534"/>
</kw>
<kw name="Should Be Equal As Integers" owner="BuiltIn">
<msg time="2025-09-23T08:50:52.263548" level="INFO">Argument types are:
&lt;class 'int'&gt;
&lt;class 'str'&gt;</msg>
<arg>${resp.status_code}</arg>
<arg>201</arg>
<doc>Fails if objects are unequal after converting them to integers.</doc>
<status status="PASS" start="2025-09-23T08:50:52.263294" elapsed="0.000278"/>
</kw>
<kw name="Set Variable" owner="BuiltIn">
<msg time="2025-09-23T08:50:52.263824" level="INFO">${book_id} = 1</msg>
<var>${book_id}</var>
<arg>${resp.json()['id']}</arg>
<doc>Returns the given values which can then be assigned to a variables.</doc>
<status status="PASS" start="2025-09-23T08:50:52.263620" elapsed="0.000214"/>
</kw>
<kw name="Set Global Variable" owner="BuiltIn">
<msg time="2025-09-23T08:50:52.263960" level="INFO">${BOOK_ID} = 1</msg>
<arg>${BOOK_ID}</arg>
<arg>${book_id}</arg>
<doc>Makes a variable available globally in all tests and suites.</doc>
<status status="PASS" start="2025-09-23T08:50:52.263882" elapsed="0.000094"/>
</kw>
<status status="PASS" start="2025-09-23T08:50:52.107891" elapsed="0.156110"/>
</kw>
<test id="s1-s1-s3-t1" name="Get All Comments" line="11">
<kw name="Create Dictionary" owner="BuiltIn">
<msg time="2025-09-23T08:50:52.264283" level="INFO">${headers} = {'Authorization': 'Bearer eyJhbGciOiJIUzI1NiIsInR5cCI6IkpXVCJ9.eyJmcmVzaCI6ZmFsc2UsImlhdCI6MTc1ODYxMDI1MiwianRpIjoiOGVjNzc4NDYtYzg4My00ZjhkLWJkNDgtYWQ3MjIxOGJhMTgyIiwidHlwZSI6ImFjY2VzcyIsInN1YiI6IjEiL...</msg>
<var>${headers}</var>
<arg>Authorization=Bearer ${TOKEN}</arg>
<doc>Creates and returns a dictionary based on the given ``items``.</doc>
<status status="PASS" start="2025-09-23T08:50:52.264183" elapsed="0.000112"/>
</kw>
<kw name="GET" owner="RequestsLibrary">
<msg time="2025-09-23T08:50:52.266592" level="INFO">GET Request : url=http://127.0.0.1:5000/books/1/comments 
 path_url=/books/1/comments 
 headers={'User-Agent': 'python-requests/2.32.5', 'Accept-Encoding': 'gzip, deflate', 'Accept': '*/*', 'Connection': 'keep-alive', 'Authorization': 'Bearer eyJhbGciOiJIUzI1NiIsInR5cCI6IkpXVCJ9.eyJmcmVzaCI6ZmFsc2UsImlhdCI6MTc1ODYxMDI1MiwianRpIjoiOGVjNzc4NDYtYzg4My00ZjhkLWJkNDgtYWQ3MjIxOGJhMTgyIiwidHlwZSI6ImFjY2VzcyIsInN1YiI6IjEiLCJuYmYiOjE3NTg2MTAyNTIsImNzcmYiOiI3YWZmNmI5ZS01OTE1LTRiM2UtOWM5Ny1lYzg5NDVhNTBkNmEiLCJleHAiOjE3NTg2MTExNTJ9.MO5CPQiha7D9lKRUKaF17CaNtGqHn1qG-VWpUYfWeOM'} 
 body=None 
 </msg>
<msg time="2025-09-23T08:50:52.266642" level="INFO">GET Response : url=http://127.0.0.1:5000/books/1/comments 
 status=200, reason=OK 
 headers={'Server': 'Werkzeug/3.1.3 Python/3.12.3', 'Date': 'Tue, 23 Sep 2025 06:50:52 GMT', 'Content-Type': 'application/json', 'Content-Length': '3', 'Connection': 'close'} 
 body=[]
 
 </msg>
<msg time="2025-09-23T08:50:52.266703" level="INFO">${resp} = &lt;Response [200]&gt;</msg>
<var>${resp}</var>
<arg>${BASE_URL}/books/${BOOK_ID}/comments</arg>
<arg>headers=${headers}</arg>
<doc>Sends a GET request.</doc>
<status status="PASS" start="2025-09-23T08:50:52.264362" elapsed="0.002351"/>
</kw>
<kw name="Should Be Equal As Integers" owner="BuiltIn">
<msg time="2025-09-23T08:50:52.267101" level="INFO">Argument types are:
&lt;class 'int'&gt;
&lt;class 'str'&gt;</msg>
<arg>${resp.status_code}</arg>
<arg>200</arg>
<doc>Fails if objects are unequal after converting them to integers.</doc>
<status status="PASS" start="2025-09-23T08:50:52.266848" elapsed="0.000302"/>
</kw>
<kw name="Set Variable" owner="BuiltIn">
<msg time="2025-09-23T08:50:52.267445" level="INFO">${comments} = []</msg>
<var>${comments}</var>
<arg>${resp.json()}</arg>
<doc>Returns the given values which can then be assigned to a variables.</doc>
<status status="PASS" start="2025-09-23T08:50:52.267227" elapsed="0.000229"/>
</kw>
<kw name="Should Be True" owner="BuiltIn">
<arg>isinstance(${comments}, list)</arg>
<doc>Fails if the given condition is not true.</doc>
<status status="PASS" start="2025-09-23T08:50:52.267517" elapsed="0.000084"/>
</kw>
<tag>comments</tag>
<tag>get</tag>
<status status="PASS" start="2025-09-23T08:50:52.264028" elapsed="0.003631"/>
</test>
<test id="s1-s1-s3-t2" name="Create Comment" line="19">
<kw name="Create Dictionary" owner="BuiltIn">
<msg time="2025-09-23T08:50:52.267978" level="INFO">${headers} = {'Authorization': 'Bearer eyJhbGciOiJIUzI1NiIsInR5cCI6IkpXVCJ9.eyJmcmVzaCI6ZmFsc2UsImlhdCI6MTc1ODYxMDI1MiwianRpIjoiOGVjNzc4NDYtYzg4My00ZjhkLWJkNDgtYWQ3MjIxOGJhMTgyIiwidHlwZSI6ImFjY2VzcyIsInN1YiI6IjEiL...</msg>
<var>${headers}</var>
<arg>Authorization=Bearer ${TOKEN}</arg>
<arg>Content-Type=application/json</arg>
<doc>Creates and returns a dictionary based on the given ``items``.</doc>
<status status="PASS" start="2025-09-23T08:50:52.267875" elapsed="0.000115"/>
</kw>
<kw name="POST" owner="RequestsLibrary">
<msg time="2025-09-23T08:50:52.279006" level="INFO">POST Request : url=http://127.0.0.1:5000/books/1/comments 
 path_url=/books/1/comments 
 headers={'User-Agent': 'python-requests/2.32.5', 'Accept-Encoding': 'gzip, deflate', 'Accept': '*/*', 'Connection': 'keep-alive', 'Authorization': 'Bearer eyJhbGciOiJIUzI1NiIsInR5cCI6IkpXVCJ9.eyJmcmVzaCI6ZmFsc2UsImlhdCI6MTc1ODYxMDI1MiwianRpIjoiOGVjNzc4NDYtYzg4My00ZjhkLWJkNDgtYWQ3MjIxOGJhMTgyIiwidHlwZSI6ImFjY2VzcyIsInN1YiI6IjEiLCJuYmYiOjE3NTg2MTAyNTIsImNzcmYiOiI3YWZmNmI5ZS01OTE1LTRiM2UtOWM5Ny1lYzg5NDVhNTBkNmEiLCJleHAiOjE3NTg2MTExNTJ9.MO5CPQiha7D9lKRUKaF17CaNtGqHn1qG-VWpUYfWeOM', 'Content-Type': 'application/json', 'Content-Length': '33'} 
 body=b'{"content": "Robot Test Comment"}' 
 </msg>
<msg time="2025-09-23T08:50:52.279061" level="INFO">POST Response : url=http://127.0.0.1:5000/books/1/comments 
 status=201, reason=CREATED 
 headers={'Server': 'Werkzeug/3.1.3 Python/3.12.3', 'Date': 'Tue, 23 Sep 2025 06:50:52 GMT', 'Content-Type': 'application/json', 'Content-Length': '14', 'Connection': 'close'} 
 body={
  "id": 1
}
 
 </msg>
<msg time="2025-09-23T08:50:52.279152" level="INFO">${resp} = &lt;Response [201]&gt;</msg>
<var>${resp}</var>
<arg>${BASE_URL}/books/${BOOK_ID}/comments</arg>
<arg>headers=${headers}</arg>
<arg>json=&amp;{COMMENT_CREATE_PAYLOAD}</arg>
<doc>Sends a POST request.</doc>
<status status="PASS" start="2025-09-23T08:50:52.268051" elapsed="0.011122"/>
</kw>
<kw name="Should Be Equal As Integers" owner="BuiltIn">
<msg time="2025-09-23T08:50:52.279678" level="INFO">Argument types are:
&lt;class 'int'&gt;
&lt;class 'str'&gt;</msg>
<arg>${resp.status_code}</arg>
<arg>201</arg>
<doc>Fails if objects are unequal after converting them to integers.</doc>
<status status="PASS" start="2025-09-23T08:50:52.279311" elapsed="0.000411"/>
</kw>
<kw name="Set Variable" owner="BuiltIn">
<msg time="2025-09-23T08:50:52.280146" level="INFO">${comment_id} = 1</msg>
<var>${comment_id}</var>
<arg>${resp.json()['id']}</arg>
<doc>Returns the given values which can then be assigned to a variables.</doc>
<status status="PASS" start="2025-09-23T08:50:52.279818" elapsed="0.000346"/>
</kw>
<kw name="Set Comment Id" owner="comments_keywords">
<kw name="Set Global Variable" owner="BuiltIn">
<msg time="2025-09-23T08:50:52.280872" level="INFO">${COMMENT_ID} = 1</msg>
<arg>${COMMENT_ID}</arg>
<arg>${comment_id}</arg>
<doc>Makes a variable available globally in all tests and suites.</doc>
<status status="PASS" start="2025-09-23T08:50:52.280715" elapsed="0.000185"/>
</kw>
<arg>${comment_id}</arg>
<status status="PASS" start="2025-09-23T08:50:52.280298" elapsed="0.000643"/>
</kw>
<tag>comments</tag>
<tag>create</tag>
<status status="PASS" start="2025-09-23T08:50:52.267745" elapsed="0.013281"/>
</test>
<test id="s1-s1-s3-t3" name="Update Comment" line="27">
<kw name="Create Dictionary" owner="BuiltIn">
<msg time="2025-09-23T08:50:52.281523" level="INFO">${headers} = {'Authorization': 'Bearer eyJhbGciOiJIUzI1NiIsInR5cCI6IkpXVCJ9.eyJmcmVzaCI6ZmFsc2UsImlhdCI6MTc1ODYxMDI1MiwianRpIjoiOGVjNzc4NDYtYzg4My00ZjhkLWJkNDgtYWQ3MjIxOGJhMTgyIiwidHlwZSI6ImFjY2VzcyIsInN1YiI6IjEiL...</msg>
<var>${headers}</var>
<arg>Authorization=Bearer ${TOKEN}</arg>
<arg>Content-Type=application/json</arg>
<doc>Creates and returns a dictionary based on the given ``items``.</doc>
<status status="PASS" start="2025-09-23T08:50:52.281361" elapsed="0.000180"/>
</kw>
<kw name="PUT" owner="RequestsLibrary">
<msg time="2025-09-23T08:50:52.293826" level="INFO">PUT Request : url=http://127.0.0.1:5000/books/1/comments/1 
 path_url=/books/1/comments/1 
 headers={'User-Agent': 'python-requests/2.32.5', 'Accept-Encoding': 'gzip, deflate', 'Accept': '*/*', 'Connection': 'keep-alive', 'Authorization': 'Bearer eyJhbGciOiJIUzI1NiIsInR5cCI6IkpXVCJ9.eyJmcmVzaCI6ZmFsc2UsImlhdCI6MTc1ODYxMDI1MiwianRpIjoiOGVjNzc4NDYtYzg4My00ZjhkLWJkNDgtYWQ3MjIxOGJhMTgyIiwidHlwZSI6ImFjY2VzcyIsInN1YiI6IjEiLCJuYmYiOjE3NTg2MTAyNTIsImNzcmYiOiI3YWZmNmI5ZS01OTE1LTRiM2UtOWM5Ny1lYzg5NDVhNTBkNmEiLCJleHAiOjE3NTg2MTExNTJ9.MO5CPQiha7D9lKRUKaF17CaNtGqHn1qG-VWpUYfWeOM', 'Content-Type': 'application/json', 'Content-Length': '41'} 
 body=b'{"content": "Updated Robot Test Comment"}' 
 </msg>
<msg time="2025-09-23T08:50:52.293868" level="INFO">PUT Response : url=http://127.0.0.1:5000/books/1/comments/1 
 status=200, reason=OK 
 headers={'Server': 'Werkzeug/3.1.3 Python/3.12.3', 'Date': 'Tue, 23 Sep 2025 06:50:52 GMT', 'Content-Type': 'application/json', 'Content-Length': '57', 'Connection': 'close'} 
 body={
  "content": "Updated Robot Test Comment",
  "id": 1
}
 
 </msg>
<msg time="2025-09-23T08:50:52.293927" level="INFO">${resp} = &lt;Response [200]&gt;</msg>
<var>${resp}</var>
<arg>${BASE_URL}/books/${BOOK_ID}/comments/${COMMENT_ID}</arg>
<arg>headers=${headers}</arg>
<arg>json=&amp;{COMMENT_UPDATE_PAYLOAD}</arg>
<doc>Sends a PUT request.</doc>
<status status="PASS" start="2025-09-23T08:50:52.281627" elapsed="0.012314"/>
</kw>
<kw name="Should Be Equal As Integers" owner="BuiltIn">
<msg time="2025-09-23T08:50:52.294281" level="INFO">Argument types are:
&lt;class 'int'&gt;
&lt;class 'str'&gt;</msg>
<arg>${resp.status_code}</arg>
<arg>200</arg>
<doc>Fails if objects are unequal after converting them to integers.</doc>
<status status="PASS" start="2025-09-23T08:50:52.294043" elapsed="0.000263"/>
</kw>
<kw name="Set Variable" owner="BuiltIn">
<msg time="2025-09-23T08:50:52.294582" level="INFO">${resp_json} = {'content': 'Updated Robot Test Comment', 'id': 1}</msg>
<var>${resp_json}</var>
<arg>${resp.json()}</arg>
<doc>Returns the given values which can then be assigned to a variables.</doc>
<status status="PASS" start="2025-09-23T08:50:52.294376" elapsed="0.000217"/>
</kw>
<kw name="Should Be Equal" owner="BuiltIn">
<arg>${resp_json['content']}</arg>
<arg>${EXPECTED_UPDATED_COMMENT_CONTENT}</arg>
<doc>Fails if the given objects are unequal.</doc>
<status status="PASS" start="2025-09-23T08:50:52.294653" elapsed="0.000211"/>
</kw>
<tag>comments</tag>
<tag>update</tag>
<status status="PASS" start="2025-09-23T08:50:52.281163" elapsed="0.013755"/>
</test>
<test id="s1-s1-s3-t4" name="Delete Comment" line="35">
<kw name="Create Dictionary" owner="BuiltIn">
<msg time="2025-09-23T08:50:52.295222" level="INFO">${headers} = {'Authorization': 'Bearer eyJhbGciOiJIUzI1NiIsInR5cCI6IkpXVCJ9.eyJmcmVzaCI6ZmFsc2UsImlhdCI6MTc1ODYxMDI1MiwianRpIjoiOGVjNzc4NDYtYzg4My00ZjhkLWJkNDgtYWQ3MjIxOGJhMTgyIiwidHlwZSI6ImFjY2VzcyIsInN1YiI6IjEiL...</msg>
<var>${headers}</var>
<arg>Authorization=Bearer ${TOKEN}</arg>
<doc>Creates and returns a dictionary based on the given ``items``.</doc>
<status status="PASS" start="2025-09-23T08:50:52.295128" elapsed="0.000105"/>
</kw>
<kw name="DELETE" owner="RequestsLibrary">
<msg time="2025-09-23T08:50:52.305692" level="INFO">DELETE Request : url=http://127.0.0.1:5000/books/1/comments/1 
 path_url=/books/1/comments/1 
 headers={'User-Agent': 'python-requests/2.32.5', 'Accept-Encoding': 'gzip, deflate', 'Accept': '*/*', 'Connection': 'keep-alive', 'Authorization': 'Bearer eyJhbGciOiJIUzI1NiIsInR5cCI6IkpXVCJ9.eyJmcmVzaCI6ZmFsc2UsImlhdCI6MTc1ODYxMDI1MiwianRpIjoiOGVjNzc4NDYtYzg4My00ZjhkLWJkNDgtYWQ3MjIxOGJhMTgyIiwidHlwZSI6ImFjY2VzcyIsInN1YiI6IjEiLCJuYmYiOjE3NTg2MTAyNTIsImNzcmYiOiI3YWZmNmI5ZS01OTE1LTRiM2UtOWM5Ny1lYzg5NDVhNTBkNmEiLCJleHAiOjE3NTg2MTExNTJ9.MO5CPQiha7D9lKRUKaF17CaNtGqHn1qG-VWpUYfWeOM', 'Content-Length': '0'} 
 body=None 
 </msg>
<msg time="2025-09-23T08:50:52.305740" level="INFO">DELETE Response : url=http://127.0.0.1:5000/books/1/comments/1 
 status=200, reason=OK 
 headers={'Server': 'Werkzeug/3.1.3 Python/3.12.3', 'Date': 'Tue, 23 Sep 2025 06:50:52 GMT', 'Content-Type': 'application/json', 'Content-Length': '31', 'Connection': 'close'} 
 body={
  "msg": "Comment deleted"
}
 
 </msg>
<msg time="2025-09-23T08:50:52.305803" level="INFO">${resp} = &lt;Response [200]&gt;</msg>
<var>${resp}</var>
<arg>${BASE_URL}/books/${BOOK_ID}/comments/${COMMENT_ID}</arg>
<arg>headers=${headers}</arg>
<doc>Sends a DELETE request.</doc>
<status status="PASS" start="2025-09-23T08:50:52.295309" elapsed="0.010505"/>
</kw>
<kw name="Should Be Equal As Integers" owner="BuiltIn">
<msg time="2025-09-23T08:50:52.306187" level="INFO">Argument types are:
&lt;class 'int'&gt;
&lt;class 'str'&gt;</msg>
<arg>${resp.status_code}</arg>
<arg>200</arg>
<doc>Fails if objects are unequal after converting them to integers.</doc>
<status status="PASS" start="2025-09-23T08:50:52.305929" elapsed="0.000285"/>
</kw>
<kw name="Should Contain" owner="BuiltIn">
<arg>${resp.text}</arg>
<arg>${COMMENT_DELETED_EXPECTED_RESPONSE}</arg>
<doc>Fails if ``container`` does not contain ``item`` one or more times.</doc>
<status status="PASS" start="2025-09-23T08:50:52.306293" elapsed="0.000219"/>
</kw>
<tag>comments</tag>
<tag>delete</tag>
<status status="PASS" start="2025-09-23T08:50:52.294996" elapsed="0.011583"/>
</test>
<kw name="Cleanup User" owner="keywords" type="TEARDOWN">
<kw name="Delete User" owner="auth_keywords">
<kw name="Create Dictionary" owner="BuiltIn">
<msg time="2025-09-23T08:50:52.307032" level="INFO">${headers} = {'Authorization': 'Bearer eyJhbGciOiJIUzI1NiIsInR5cCI6IkpXVCJ9.eyJmcmVzaCI6ZmFsc2UsImlhdCI6MTc1ODYxMDI1MiwianRpIjoiOGVjNzc4NDYtYzg4My00ZjhkLWJkNDgtYWQ3MjIxOGJhMTgyIiwidHlwZSI6ImFjY2VzcyIsInN1YiI6IjEiL...</msg>
<var>${headers}</var>
<arg>Authorization=Bearer ${TOKEN}</arg>
<doc>Creates and returns a dictionary based on the given ``items``.</doc>
<status status="PASS" start="2025-09-23T08:50:52.306928" elapsed="0.000116"/>
</kw>
<kw name="DELETE" owner="RequestsLibrary">
<msg time="2025-09-23T08:50:52.317855" level="INFO">DELETE Request : url=http://127.0.0.1:5000/users/1 
 path_url=/users/1 
 headers={'User-Agent': 'python-requests/2.32.5', 'Accept-Encoding': 'gzip, deflate', 'Accept': '*/*', 'Connection': 'keep-alive', 'Authorization': 'Bearer eyJhbGciOiJIUzI1NiIsInR5cCI6IkpXVCJ9.eyJmcmVzaCI6ZmFsc2UsImlhdCI6MTc1ODYxMDI1MiwianRpIjoiOGVjNzc4NDYtYzg4My00ZjhkLWJkNDgtYWQ3MjIxOGJhMTgyIiwidHlwZSI6ImFjY2VzcyIsInN1YiI6IjEiLCJuYmYiOjE3NTg2MTAyNTIsImNzcmYiOiI3YWZmNmI5ZS01OTE1LTRiM2UtOWM5Ny1lYzg5NDVhNTBkNmEiLCJleHAiOjE3NTg2MTExNTJ9.MO5CPQiha7D9lKRUKaF17CaNtGqHn1qG-VWpUYfWeOM', 'Content-Length': '0'} 
 body=None 
 </msg>
<msg time="2025-09-23T08:50:52.317912" level="INFO">DELETE Response : url=http://127.0.0.1:5000/users/1 
 status=200, reason=OK 
 headers={'Server': 'Werkzeug/3.1.3 Python/3.12.3', 'Date': 'Tue, 23 Sep 2025 06:50:52 GMT', 'Content-Type': 'application/json', 'Content-Length': '28', 'Connection': 'close'} 
 body={
  "msg": "User deleted"
}
 
 </msg>
<msg time="2025-09-23T08:50:52.317979" level="INFO">${resp} = &lt;Response [200]&gt;</msg>
<var>${resp}</var>
<arg>${BASE_URL}/users/${USER_ID}</arg>
<arg>headers=${headers}</arg>
<doc>Sends a DELETE request.</doc>
<status status="PASS" start="2025-09-23T08:50:52.307087" elapsed="0.010903"/>
</kw>
<kw name="Should Be Equal As Integers" owner="BuiltIn">
<msg time="2025-09-23T08:50:52.318311" level="INFO">Argument types are:
&lt;class 'int'&gt;
&lt;class 'str'&gt;</msg>
<arg>${resp.status_code}</arg>
<arg>200</arg>
<doc>Fails if objects are unequal after converting them to integers.</doc>
<status status="PASS" start="2025-09-23T08:50:52.318070" elapsed="0.000270"/>
</kw>
<kw name="Should Contain" owner="BuiltIn">
<arg>${resp.text}</arg>
<arg>User deleted</arg>
<doc>Fails if ``container`` does not contain ``item`` one or more times.</doc>
<status status="PASS" start="2025-09-23T08:50:52.318391" elapsed="0.000191"/>
</kw>
<status status="PASS" start="2025-09-23T08:50:52.306862" elapsed="0.011749"/>
</kw>
<status status="PASS" start="2025-09-23T08:50:52.306766" elapsed="0.011862"/>
</kw>
<status status="PASS" start="2025-09-23T08:50:52.105964" elapsed="0.212675"/>
</suite>
<suite id="s1-s1-s4" name="Tags" source="/home/staffan/develop/projekts/booklib-api_ai/tests_robot/api/tags.robot">
<kw name="Setup User" owner="keywords" type="SETUP">
<kw name="Register User" owner="auth_keywords">
<kw name="Create Dictionary" owner="BuiltIn">
<msg time="2025-09-23T08:50:52.321015" level="INFO">${payload} = {'username': 'auto_user', 'email': 'auto_user@example.com', 'password': 'testpass'}</msg>
<var>${payload}</var>
<arg>username=${TEST_USER}</arg>
<arg>email=${TEST_EMAIL}</arg>
<arg>password=${TEST_PASS}</arg>
<doc>Creates and returns a dictionary based on the given ``items``.</doc>
<status status="PASS" start="2025-09-23T08:50:52.320898" elapsed="0.000131"/>
</kw>
<kw name="Create Dictionary" owner="BuiltIn">
<msg time="2025-09-23T08:50:52.321135" level="INFO">${headers} = {'Content-Type': 'application/json'}</msg>
<var>${headers}</var>
<arg>Content-Type=application/json</arg>
<doc>Creates and returns a dictionary based on the given ``items``.</doc>
<status status="PASS" start="2025-09-23T08:50:52.321077" elapsed="0.000068"/>
</kw>
<kw name="POST" owner="RequestsLibrary">
<msg time="2025-09-23T08:50:52.386036" level="INFO">POST Request : url=http://127.0.0.1:5000/users/register 
 path_url=/users/register 
 headers={'User-Agent': 'python-requests/2.32.5', 'Accept-Encoding': 'gzip, deflate', 'Accept': '*/*', 'Connection': 'keep-alive', 'Content-Type': 'application/json', 'Content-Length': '83'} 
 body=b'{"username": "auto_user", "email": "auto_user@example.com", "password": "testpass"}' 
 </msg>
<msg time="2025-09-23T08:50:52.386089" level="INFO">POST Response : url=http://127.0.0.1:5000/users/register 
 status=201, reason=CREATED 
 headers={'Server': 'Werkzeug/3.1.3 Python/3.12.3', 'Date': 'Tue, 23 Sep 2025 06:50:52 GMT', 'Content-Type': 'application/json', 'Content-Length': '31', 'Connection': 'close'} 
 body={
[...]
</kw>
<kw name="Should Be Equal As Integers" owner="BuiltIn">
<arg>${resp.status_code}</arg>
<arg>201</arg>
<doc>Fails if objects are unequal after converting them to integers.</doc>
<status status="NOT RUN" start="2025-09-23T08:50:52.513510" elapsed="0.000010"/>
</kw>
<kw name="Set Variable" owner="BuiltIn">
<var>${tag_id}</var>
<arg>${resp.json()['id']}</arg>
<doc>Returns the given values which can then be assigned to a variables.</doc>
<status status="NOT RUN" start="2025-09-23T08:50:52.513566" elapsed="0.000008"/>
</kw>
<kw name="GET" owner="RequestsLibrary">
<var>${resp}</var>
<arg>bookapi</arg>
<arg>/tags</arg>
<doc>Sends a GET request.</doc>
<status status="NOT RUN" start="2025-09-23T08:50:52.513615" elapsed="0.000007"/>
</kw>
<kw name="Should Be Equal As Integers" owner="BuiltIn">
<arg>${resp.status_code}</arg>
<arg>200</arg>
<doc>Fails if objects are unequal after converting them to integers.</doc>
<status status="NOT RUN" start="2025-09-23T08:50:52.513660" elapsed="0.000007"/>
</kw>
<kw name="DELETE" owner="RequestsLibrary">
<arg>bookapi</arg>
<arg>/tags/${tag_id}</arg>
<arg>headers=</arg>
<arg>Authorization=Bearer ${TOKEN}</arg>
<doc>Sends a DELETE request.</doc>
<status status="NOT RUN" start="2025-09-23T08:50:52.513701" elapsed="0.000007"/>
</kw>
<tag>tags</tag>
<status status="FAIL" start="2025-09-23T08:50:52.512666" elapsed="0.001101">TypeError: Session.request() got an unexpected keyword argument 'Authorization'</status>
</test>
<test id="s1-s2-t4" name="Create And Get User" line="48">
<kw name="Create Session" owner="RequestsLibrary">
<msg time="2025-09-23T08:50:52.513986" level="INFO">Creating Session using : alias=bookapi, url=http://127.0.0.1:5000, headers={},                     cookies={}, auth=None, timeout=None, proxies=None, verify=False,                     debug=0 </msg>
<arg>bookapi</arg>
<arg>${BASE_URL}</arg>
<doc>Create Session: create a HTTP session to a server</doc>
<status status="PASS" start="2025-09-23T08:50:52.513933" elapsed="0.000103"/>
</kw>
<kw name="Create Dictionary" owner="BuiltIn">
<msg time="2025-09-23T08:50:52.514163" level="INFO">&amp;{user} = { username=robotuser | email=robotuser@example.com | password=robotpw }</msg>
<var>&amp;{user}</var>
<arg>username=robotuser</arg>
<arg>email=robotuser@example.com</arg>
<arg>password=robotpw</arg>
<doc>Creates and returns a dictionary based on the given ``items``.</doc>
<status status="PASS" start="2025-09-23T08:50:52.514083" elapsed="0.000090"/>
</kw>
<kw name="POST" owner="RequestsLibrary">
<msg time="2025-09-23T08:50:52.514369" level="FAIL">MissingSchema: Invalid URL 'bookapi': No scheme supplied. Perhaps you meant https://bookapi?</msg>
<var>${resp}</var>
<arg>bookapi</arg>
<arg>/users/register</arg>
<arg>json=${user}</arg>
<doc>Sends a POST request.</doc>
<status status="FAIL" start="2025-09-23T08:50:52.514216" elapsed="0.000516">MissingSchema: Invalid URL 'bookapi': No scheme supplied. Perhaps you meant https://bookapi?</status>
</kw>
<kw name="Should Be Equal As Integers" owner="BuiltIn">
<arg>${resp.status_code}</arg>
<arg>201</arg>
<doc>Fails if objects are unequal after converting them to integers.</doc>
<status status="NOT RUN" start="2025-09-23T08:50:52.514813" elapsed="0.000014"/>
</kw>
<kw name="GET" owner="RequestsLibrary">
<var>${resp}</var>
<arg>bookapi</arg>
<arg>/users</arg>
<doc>Sends a GET request.</doc>
<status status="NOT RUN" start="2025-09-23T08:50:52.514879" elapsed="0.000008"/>
</kw>
<kw name="Should Be Equal As Integers" owner="BuiltIn">
<arg>${resp.status_code}</arg>
<arg>200</arg>
<doc>Fails if objects are unequal after converting them to integers.</doc>
<status status="NOT RUN" start="2025-09-23T08:50:52.514934" elapsed="0.000007"/>
</kw>
<tag>users</tag>
<status status="FAIL" start="2025-09-23T08:50:52.513837" elapsed="0.001169">MissingSchema: Invalid URL 'bookapi': No scheme supplied. Perhaps you meant https://bookapi?</status>
</test>
<test id="s1-s2-t5" name="Create And Get Rating" line="57">
<kw name="Create Session" owner="RequestsLibrary">
<msg time="2025-09-23T08:50:52.515390" level="INFO">Creating Session using : alias=bookapi, url=http://127.0.0.1:5000, headers={},                     cookies={}, auth=None, timeout=None, proxies=None, verify=False,                     debug=0 </msg>
<arg>bookapi</arg>
<arg>${BASE_URL}</arg>
<doc>Create Session: create a HTTP session to a server</doc>
<status status="PASS" start="2025-09-23T08:50:52.515224" elapsed="0.000310"/>
</kw>
<kw name="Create Dictionary" owner="BuiltIn">
<msg time="2025-09-23T08:50:52.515934" level="INFO">&amp;{book} = { title=Rating Book | author=Rating Author }</msg>
<var>&amp;{book}</var>
<arg>title=Rating Book</arg>
<arg>author=Rating Author</arg>
<doc>Creates and returns a dictionary based on the given ``items``.</doc>
<status status="PASS" start="2025-09-23T08:50:52.515706" elapsed="0.000254"/>
</kw>
<kw name="POST" owner="RequestsLibrary">
<msg time="2025-09-23T08:50:52.516333" level="FAIL">TypeError: Session.request() got an unexpected keyword argument 'Authorization'</msg>
<var>${resp}</var>
<arg>bookapi</arg>
<arg>/books</arg>
<arg>json=${book}</arg>
<arg>headers=</arg>
<arg>Authorization=Bearer ${TOKEN}</arg>
<doc>Sends a POST request.</doc>
<status status="FAIL" start="2025-09-23T08:50:52.516118" elapsed="0.000415">TypeError: Session.request() got an unexpected keyword argument 'Authorization'</status>
</kw>
<kw name="Set Variable" owner="BuiltIn">
<var>${book_id}</var>
<arg>${resp.json()['id']}</arg>
<doc>Returns the given values which can then be assigned to a variables.</doc>
<status status="NOT RUN" start="2025-09-23T08:50:52.516616" elapsed="0.000010"/>
</kw>
<kw name="Create Dictionary" owner="BuiltIn">
<var>&amp;{rating}</var>
<arg>rating=5</arg>
<doc>Creates and returns a dictionary based on the given ``items``.</doc>
<status status="NOT RUN" start="2025-09-23T08:50:52.516681" elapsed="0.000008"/>
</kw>
<kw name="POST" owner="RequestsLibrary">
<var>${resp}</var>
<arg>bookapi</arg>
<arg>/books/${book_id}/ratings</arg>
<arg>json=${rating}</arg>
<arg>headers=</arg>
<arg>Authorization=Bearer ${TOKEN}</arg>
<doc>Sends a POST request.</doc>
<status status="NOT RUN" start="2025-09-23T08:50:52.516742" elapsed="0.000010"/>
</kw>
<kw name="Should Be Equal As Integers" owner="BuiltIn">
<arg>${resp.status_code}</arg>
<arg>201</arg>
<doc>Fails if objects are unequal after converting them to integers.</doc>
<status status="NOT RUN" start="2025-09-23T08:50:52.516804" elapsed="0.000008"/>
</kw>
<kw name="GET" owner="RequestsLibrary">
<var>${resp}</var>
<arg>bookapi</arg>
<arg>/books/${book_id}/ratings</arg>
<doc>Sends a GET request.</doc>
<status status="NOT RUN" start="2025-09-23T08:50:52.516865" elapsed="0.000009"/>
</kw>
<kw name="Should Be Equal As Integers" owner="BuiltIn">
<arg>${resp.status_code}</arg>
<arg>200</arg>
<doc>Fails if objects are unequal after converting them to integers.</doc>
<status status="NOT RUN" start="2025-09-23T08:50:52.516912" elapsed="0.000006"/>
</kw>
<kw name="DELETE" owner="RequestsLibrary">
<arg>bookapi</arg>
<arg>/books/${book_id}</arg>
<arg>headers=</arg>
<arg>Authorization=Bearer ${TOKEN}</arg>
<doc>Sends a DELETE request.</doc>
<status status="NOT RUN" start="2025-09-23T08:50:52.516962" elapsed="0.000007"/>
</kw>
<tag>ratings</tag>
<status status="FAIL" start="2025-09-23T08:50:52.515082" elapsed="0.001954">TypeError: Session.request() got an unexpected keyword argument 'Authorization'</status>
</test>
<test id="s1-s2-t6" name="Create And Get Comment" line="71">
<kw name="Create Session" owner="RequestsLibrary">
<msg time="2025-09-23T08:50:52.517322" level="INFO">Creating Session using : alias=bookapi, url=http://127.0.0.1:5000, headers={},                     cookies={}, auth=None, timeout=None, proxies=None, verify=False,                     debug=0 </msg>
<arg>bookapi</arg>
<arg>${BASE_URL}</arg>
<doc>Create Session: create a HTTP session to a server</doc>
<status status="PASS" start="2025-09-23T08:50:52.517259" elapsed="0.000132"/>
</kw>
<kw name="Create Dictionary" owner="BuiltIn">
<msg time="2025-09-23T08:50:52.517546" level="INFO">&amp;{book} = { title=Comment Book | author=Comment Author }</msg>
<var>&amp;{book}</var>
<arg>title=Comment Book</arg>
<arg>author=Comment Author</arg>
<doc>Creates and returns a dictionary based on the given ``items``.</doc>
<status status="PASS" start="2025-09-23T08:50:52.517449" elapsed="0.000156"/>
</kw>
<kw name="POST" owner="RequestsLibrary">
<msg time="2025-09-23T08:50:52.517964" level="FAIL">TypeError: Session.request() got an unexpected keyword argument 'Authorization'</msg>
<var>${resp}</var>
<arg>bookapi</arg>
<arg>/books</arg>
<arg>json=${book}</arg>
<arg>headers=</arg>
<arg>Authorization=Bearer ${TOKEN}</arg>
<doc>Sends a POST request.</doc>
<status status="FAIL" start="2025-09-23T08:50:52.517667" elapsed="0.000450">TypeError: Session.request() got an unexpected keyword argument 'Authorization'</status>
</kw>
<kw name="Set Variable" owner="BuiltIn">
<var>${book_id}</var>
<arg>${resp.json()['id']}</arg>
<doc>Returns the given values which can then be assigned to a variables.</doc>
<status status="NOT RUN" start="2025-09-23T08:50:52.518195" elapsed="0.000010"/>
</kw>
<kw name="Create Dictionary" owner="BuiltIn">
<var>&amp;{comment}</var>
<arg>content=Robot comment</arg>
<doc>Creates and returns a dictionary based on the given ``items``.</doc>
<status status="NOT RUN" start="2025-09-23T08:50:52.518256" elapsed="0.000008"/>
</kw>
<kw name="POST" owner="RequestsLibrary">
<var>${resp}</var>
<arg>bookapi</arg>
<arg>/books/${book_id}/comments</arg>
<arg>json=${comment}</arg>
<arg>headers=</arg>
<arg>Authorization=Bearer ${TOKEN}</arg>
<doc>Sends a POST request.</doc>
<status status="NOT RUN" start="2025-09-23T08:50:52.518307" elapsed="0.000008"/>
</kw>
<kw name="Should Be Equal As Integers" owner="BuiltIn">
<arg>${resp.status_code}</arg>
<arg>201</arg>
<doc>Fails if objects are unequal after converting them to integers.</doc>
<status status="NOT RUN" start="2025-09-23T08:50:52.518376" elapsed="0.000009"/>
</kw>
<kw name="GET" owner="RequestsLibrary">
<var>${resp}</var>
<arg>bookapi</arg>
<arg>/books/${book_id}/comments</arg>
<doc>Sends a GET request.</doc>
<status status="NOT RUN" start="2025-09-23T08:50:52.518429" elapsed="0.000008"/>
</kw>
<kw name="Should Be Equal As Integers" owner="BuiltIn">
<arg>${resp.status_code}</arg>
<arg>200</arg>
<doc>Fails if objects are unequal after converting them to integers.</doc>
<status status="NOT RUN" start="2025-09-23T08:50:52.518477" elapsed="0.000007"/>
</kw>
<kw name="DELETE" owner="RequestsLibrary">
<arg>bookapi</arg>
<arg>/books/${book_id}</arg>
<arg>headers=</arg>
<arg>Authorization=Bearer ${TOKEN}</arg>
<doc>Sends a DELETE request.</doc>
<status status="NOT RUN" start="2025-09-23T08:50:52.518531" elapsed="0.000007"/>
</kw>
<tag>comments</tag>
<status status="FAIL" start="2025-09-23T08:50:52.517115" elapsed="0.001492">TypeError: Session.request() got an unexpected keyword argument 'Authorization'</status>
</test>
<status status="FAIL" start="2025-09-23T08:50:52.507105" elapsed="0.011625"/>
</suite>
<suite id="s1-s3" name="Book Api Info" source="/home/staffan/develop/projekts/booklib-api_ai/tests_robot/book_api_info.robot">
<test id="s1-s3-t1" name="Book Info Schema Is Complete" line="10">
<kw name="Create Session" owner="RequestsLibrary">
<msg time="2025-09-23T08:50:52.520101" level="INFO">Creating Session using : alias=bookapi, url=http://127.0.0.1:5000, headers={},                     cookies={}, auth=None, timeout=None, proxies=None, verify=False,                     debug=0 </msg>
<arg>bookapi</arg>
<arg>${BASE_URL}</arg>
<doc>Create Session: create a HTTP session to a server</doc>
<status status="PASS" start="2025-09-23T08:50:52.520013" elapsed="0.000168"/>
</kw>
<kw name="Create Dictionary" owner="BuiltIn">
<msg time="2025-09-23T08:50:52.520369" level="INFO">&amp;{book} = { title=Robot Test Book | author=Robot Author | description=Robot Description | publish_year=2025 | series=Robot Series }</msg>
<var>&amp;{book}</var>
<arg>title=Robot Test Book</arg>
<arg>author=Robot Author</arg>
<arg>description=Robot Description</arg>
<arg>publish_year=2025</arg>
<arg>series=Robot Series</arg>
<doc>Creates and returns a dictionary based on the given ``items``.</doc>
<status status="PASS" start="2025-09-23T08:50:52.520250" elapsed="0.000131"/>
</kw>
<kw name="POST" owner="RequestsLibrary">
<msg time="2025-09-23T08:50:52.520587" level="FAIL">TypeError: Session.request() got an unexpected keyword argument 'Authorization'</msg>
<var>${resp}</var>
<arg>bookapi</arg>
<arg>/books</arg>
<arg>json=${book}</arg>
<arg>headers=</arg>
<arg>Authorization=Bearer ${TOKEN}</arg>
<doc>Sends a POST request.</doc>
<status status="FAIL" start="2025-09-23T08:50:52.520439" elapsed="0.000333">TypeError: Session.request() got an unexpected keyword argument 'Authorization'</status>
</kw>
<kw name="Should Be Equal As Integers" owner="BuiltIn">
<arg>${resp.status_code}</arg>
<arg>201</arg>
<doc>Fails if objects are unequal after converting them to integers.</doc>
<status status="NOT RUN" start="2025-09-23T08:50:52.520838" elapsed="0.000009"/>
</kw>
<kw name="Set Variable" owner="BuiltIn">
<var>${book_id}</var>
<arg>${resp.json()['id']}</arg>
<doc>Returns the given values which can then be assigned to a variables.</doc>
<status status="NOT RUN" start="2025-09-23T08:50:52.520891" elapsed="0.000008"/>
</kw>
<kw name="GET" owner="RequestsLibrary">
<var>${resp}</var>
<arg>bookapi</arg>
<arg>/books</arg>
<doc>Sends a GET request.</doc>
<status status="NOT RUN" start="2025-09-23T08:50:52.520940" elapsed="0.000007"/>
</kw>
<kw name="Should Be Equal As Integers" owner="BuiltIn">
<arg>${resp.status_code}</arg>
<arg>200</arg>
<doc>Fails if objects are unequal after converting them to integers.</doc>
<status status="NOT RUN" start="2025-09-23T08:50:52.520983" elapsed="0.000007"/>
</kw>
<kw name="Evaluate" owner="BuiltIn">
<var>${books}</var>
<arg>[b for b in ${resp.json()} if b['id'] == ${book_id}]</arg>
<doc>Evaluates the given expression in Python and returns the result.</doc>
<status status="NOT RUN" start="2025-09-23T08:50:52.521028" elapsed="0.000006"/>
</kw>
<kw name="Length Should Be" owner="BuiltIn">
<arg>${books}</arg>
<arg>1</arg>
<doc>Verifies that the length of the given item is correct.</doc>
<status status="NOT RUN" start="2025-09-23T08:50:52.521069" elapsed="0.000006"/>
</kw>
<kw name="Get From List" owner="Collections">
<var>${book}</var>
<arg>${books}</arg>
<arg>0</arg>
<doc>Returns the value specified with an ``index`` from ``list``.</doc>
<status status="NOT RUN" start="2025-09-23T08:50:52.521121" elapsed="0.000007"/>
</kw>
<kw name="Dictionary Should Contain Key" owner="Collections">
<arg>${book}</arg>
<arg>id</arg>
<doc>Fails if ``key`` is not found from ``dictionary``.</doc>
<status status="NOT RUN" start="2025-09-23T08:50:52.521164" elapsed="0.000007"/>
</kw>
<kw name="Dictionary Should Contain Key" owner="Collections">
<arg>${book}</arg>
<arg>title</arg>
<doc>Fails if ``key`` is not found from ``dictionary``.</doc>
<status status="NOT RUN" start="2025-09-23T08:50:52.521204" elapsed="0.000006"/>
</kw>
<kw name="Dictionary Should Contain Key" owner="Collections">
<arg>${book}</arg>
<arg>author</arg>
<doc>Fails if ``key`` is not found from ``dictionary``.</doc>
<status status="NOT RUN" start="2025-09-23T08:50:52.521243" elapsed="0.000005"/>
</kw>
<kw name="Dictionary Should Contain Key" owner="Collections">
<arg>${book}</arg>
<arg>description</arg>
<doc>Fails if ``key`` is not found from ``dictionary``.</doc>
<status status="NOT RUN" start="2025-09-23T08:50:52.521282" elapsed="0.000005"/>
</kw>
<kw name="Dictionary Should Contain Key" owner="Collections">
<arg>${book}</arg>
<arg>publish_year</arg>
<doc>Fails if ``key`` is not found from ``dictionary``.</doc>
<status status="NOT RUN" start="2025-09-23T08:50:52.521320" elapsed="0.000005"/>
</kw>
<kw name="Dictionary Should Contain Key" owner="Collections">
<arg>${book}</arg>
<arg>series</arg>
<doc>Fails if ``key`` is not found from ``dictionary``.</doc>
<status status="NOT RUN" start="2025-09-23T08:50:52.521362" elapsed="0.000006"/>
</kw>
<kw name="Dictionary Should Contain Key" owner="Collections">
<arg>${book}</arg>
<arg>is_active</arg>
<doc>Fails if ``key`` is not found from ``dictionary``.</doc>
<status status="NOT RUN" start="2025-09-23T08:50:52.521400" elapsed="0.000006"/>
</kw>
<kw name="Should Be Equal" owner="BuiltIn">
<arg>${book['title']}</arg>
<arg>Robot Test Book</arg>
<doc>Fails if the given objects are unequal.</doc>
<status status="NOT RUN" start="2025-09-23T08:50:52.521479" elapsed="0.000008"/>
</kw>
<kw name="Should Be Equal" owner="BuiltIn">
<arg>${book['author']}</arg>
<arg>Robot Author</arg>
<doc>Fails if the given objects are unequal.</doc>
<status status="NOT RUN" start="2025-09-23T08:50:52.521526" elapsed="0.000007"/>
</kw>
<kw name="Should Be Equal" owner="BuiltIn">
<arg>${book['description']}</arg>
<arg>Robot Description</arg>
<doc>Fails if the given objects are unequal.</doc>
<status status="NOT RUN" start="2025-09-23T08:50:52.521569" elapsed="0.000006"/>
</kw>
<kw name="Should Be Equal As Integers" owner="BuiltIn">
<arg>${book['publish_year']}</arg>
<arg>2025</arg>
<doc>Fails if objects are unequal after converting them to integers.</doc>
<status status="NOT RUN" start="2025-09-23T08:50:52.521609" elapsed="0.000006"/>
</kw>
<kw name="Should Be Equal" owner="BuiltIn">
<arg>${book['series']}</arg>
<arg>Robot Series</arg>
<doc>Fails if the given objects are unequal.</doc>
<status status="NOT RUN" start="2025-09-23T08:50:52.521652" elapsed="0.000007"/>
</kw>
<kw name="Should Be True" owner="BuiltIn">
<arg>${book['is_active']}</arg>
<doc>Fails if the given condition is not true.</doc>
<status status="NOT RUN" start="2025-09-23T08:50:52.521696" elapsed="0.000006"/>
</kw>
<kw name="DELETE" owner="RequestsLibrary">
<arg>bookapi</arg>
<arg>/books/${book_id}</arg>
<arg>headers=</arg>
<arg>Authorization=Bearer ${TOKEN}</arg>
<doc>Sends a DELETE request.</doc>
<status status="NOT RUN" start="2025-09-23T08:50:52.521737" elapsed="0.000008"/>
</kw>
<tag>books</tag>
<status status="FAIL" start="2025-09-23T08:50:52.519805" elapsed="0.002005">TypeError: Session.request() got an unexpected keyword argument 'Authorization'</status>
</test>
<status status="FAIL" start="2025-09-23T08:50:52.518899" elapsed="0.003016"/>
</suite>
<status status="FAIL" start="2025-09-23T08:50:51.684061" elapsed="0.838026"/>
</suite>
<statistics>
<total>
<stat pass="17" fail="8" skip="0">All Tests</stat>
</total>
<tag>
<stat pass="5" fail="4" skip="0">books</stat>
<stat pass="4" fail="1" skip="0">comments</stat>
<stat pass="3" fail="0" skip="0">create</stat>
<stat pass="3" fail="0" skip="0">delete</stat>
<stat pass="0" fail="1" skip="0">full</stat>
<stat pass="4" fail="1" skip="0">get</stat>
<stat pass="2" fail="0" skip="0">login</stat>
<stat pass="0" fail="1" skip="0">ratings</stat>
<stat pass="1" fail="0" skip="0">register</stat>
<stat pass="4" fail="1" skip="0">tags</stat>
<stat pass="3" fail="0" skip="0">update</stat>
<stat pass="4" fail="0" skip="0">user</stat>
<stat pass="0" fail="1" skip="0">users</stat>
</tag>
<suite>
<stat name="Tests Robot" id="s1" pass="17" fail="8" skip="0">Tests Robot</stat>
<stat name="Api" id="s1-s1" pass="17" fail="1" skip="0">Tests Robot.Api</stat>
<stat name="Auth" id="s1-s1-s1" pass="4" fail="0" skip="0">Tests Robot.Api.Auth</stat>
<stat name="Books" id="s1-s1-s2" pass="5" fail="1" skip="0">Tests Robot.Api.Books</stat>
<stat name="Comments" id="s1-s1-s3" pass="4" fail="0" skip="0">Tests Robot.Api.Comments</stat>
<stat name="Tags" id="s1-s1-s4" pass="4" fail="0" skip="0">Tests Robot.Api.Tags</stat>
<stat name="Api Endpoints" id="s1-s2" pass="0" fail="6" skip="0">Tests Robot.Api Endpoints</stat>
<stat name="Book Api Info" id="s1-s3" pass="0" fail="1" skip="0">Tests Robot.Book Api Info</stat>
</suite>
</statistics>
<errors>
</errors>
</robot>
